<?xml version="1.0" encoding="UTF-8"?>
<robot generator="Robot 4.1.3 (Python 3.7.5 on win32)" generated="20220106 14:36:44.519" rpa="true" schemaversion="2">
<suite id="s1" name="Tasks" source="e:\Robot\Orderobot\tasks.robot">
<test id="s1-t1" name="Web store order">
<kw name="open robot order website">
<kw name="Open Available Browser" library="RPA.Browser.Selenium">
<arg>${Order_url}</arg>
<doc>Attempts to open a browser on the user's device from a set of
supported browsers. Automatically downloads a corresponding webdriver
if none is already installed.</doc>
<msg timestamp="20220106 14:36:57.775" level="INFO">Creating an instance of the Chrome WebDriver.</msg>
<msg timestamp="20220106 14:36:57.866" level="INFO">Created download root directory: C:\Users\yaraz\AppData\Local\robocorp\webdrivers</msg>
<msg timestamp="20220106 14:36:57.867" level="INFO">Created symlink directory: C:\Users\yaraz\AppData\Local\robocorp\webdrivers</msg>
<msg timestamp="20220106 14:36:57.869" level="INFO">Creating an instance of the Chrome WebDriver.</msg>
<msg timestamp="20220106 14:37:04.983" level="INFO">Created Chrome browser with arguments: --disable-dev-shm-usage --disable-web-security --allow-running-insecure-content --no-sandbox</msg>
<msg timestamp="20220106 14:37:04.984" level="INFO" html="true">&lt;p&gt;Attempted combinations:&lt;/p&gt;&lt;div class="doc"&gt;&lt;table&gt;&lt;tr&gt;&lt;th&gt;Browser&lt;/th&gt;&lt;th&gt;Download&lt;/th&gt;&lt;th&gt;Error&lt;/th&gt;&lt;/tr&gt;&lt;tr&gt;&lt;td&gt;Chrome&lt;/td&gt;&lt;td&gt;False&lt;/td&gt;&lt;td&gt;Message: 'chromedriver' executable needs to be in PATH. Please see https://sites.google.com/a/chromium.org/chromedriver/home
&lt;/td&gt;&lt;/tr&gt;&lt;tr&gt;&lt;td&gt;Chrome&lt;/td&gt;&lt;td&gt;True&lt;/td&gt;&lt;td&gt;&lt;/td&gt;&lt;/tr&gt;&lt;/table&gt;&lt;/div&gt;</msg>
<msg timestamp="20220106 14:37:04.985" level="INFO">Opening url 'https://robotsparebinindustries.com/#/robot-order'</msg>
<status status="PASS" starttime="20220106 14:36:57.769" endtime="20220106 14:37:09.915"/>
</kw>
<kw name="Maximize Browser Window" library="RPA.Browser.Selenium">
<doc>Maximizes current browser window.</doc>
<status status="PASS" starttime="20220106 14:37:09.919" endtime="20220106 14:37:10.071"/>
</kw>
<kw name="Click Button" library="RPA.Browser.Selenium">
<arg>css:button.btn.btn-dark</arg>
<doc>Clicks the button identified by ``locator``.</doc>
<msg timestamp="20220106 14:37:10.086" level="INFO">Clicking button 'css:button.btn.btn-dark'.</msg>
<status status="PASS" starttime="20220106 14:37:10.076" endtime="20220106 14:37:10.237"/>
</kw>
<status status="PASS" starttime="20220106 14:36:57.762" endtime="20220106 14:37:10.239"/>
</kw>
<kw name="Process orders">
<kw name="Download" library="RPA.HTTP">
<arg>url=${Orders_csvpath}</arg>
<arg>target_file=${Orders_csv}</arg>
<arg>overwrite=True</arg>
<doc>An alias for the ``HTTP Get`` keyword.</doc>
<msg timestamp="20220106 14:37:10.257" level="INFO">Creating a new HTTP session</msg>
<msg timestamp="20220106 14:37:10.257" level="INFO">Creating Session using : alias=rpasession_alias.httpsrobotsparebinindustries.com, url=https://robotsparebinindustries.com, headers={},                     cookies={}, auth=None, timeout=None, proxies=None, verify=True,                     debug=0 </msg>
<msg timestamp="20220106 14:37:11.128" level="INFO">GET Request : url=https://robotsparebinindustries.com/orders.csv 
 path_url=/orders.csv 
 headers={'User-Agent': 'python-requests/2.26.0', 'Accept-Encoding': 'gzip, deflate', 'Accept': '*/*', 'Connection': 'keep-alive'} 
 body=None 
 </msg>
<msg timestamp="20220106 14:37:11.131" level="INFO">GET Response : url=https://robotsparebinindustries.com/orders.csv 
 status=200, reason=OK 
 headers={'Connection': 'keep-alive', 'Content-Length': '199', 'Server': 'GitHub.com', 'Content-Type': 'text/csv; charset=utf-8', 'Last-Modified': 'Fri, 13 Aug 2021 11:27:04 GMT', 'Access-Control-Allow-Origin': '*', 'Strict-Transport-Security': 'max-age=31556952', 'ETag': 'W/"61165708-19c"', 'expires': 'Thu, 06 Jan 2022 05:43:01 GMT', 'Cache-Control': 'max-age=600', 'Content-Encoding': 'gzip', 'x-proxy-cache': 'MISS', 'X-GitHub-Request-Id': '3DEC:5CF8:19939B6:326D97F:61D67F0D', 'Accept-Ranges': 'bytes', 'Date': 'Thu, 06 Jan 2022 09:07:10 GMT', 'Via': '1.1 varnish', 'Age': '0', 'X-Served-By': 'cache-maa10242-MAA', 'X-Cache': 'HIT', 'X-Cache-Hits': '1', 'X-Timer': 'S1641460031.753051,VS0,VE246', 'Vary': 'Accept-Encoding', 'X-Fastly-Request-ID': '7eec57092cf7177f90f798320e504d5513aadad9'} 
 body=Order number,Head,Body,Legs,Address
1,1,2,3,Address 123
2,4,1,5,Address 456
3,6,2,3,Address 789
4,2,3,2,Address 1
5,3,5,1,Address 2
6,1,6,6,Address 3
7,5,1,5,Address 4
8,2,3,3,Address 5
9,3,2,2,Address 6
10,4,4,2,Address 7
11,6,6,1,Address 8
12,1,3,3,Address 9
13,1,5,4,Address A
14,3,1,5,Address B
15,3,2,6,Address C
16,6,3,6,Address D
17,5,4,1,Address E
18,2,5,1,Address F
19,4,6,2,Address G
20,1,1,5,Address H 
 </msg>
<status status="PASS" starttime="20220106 14:37:10.249" endtime="20220106 14:37:11.139"/>
</kw>
<kw name="Read table from CSV" library="RPA.Tables">
<var>${table}</var>
<arg>path=${Orders_csv}</arg>
<doc>Read a CSV file as a table.</doc>
<msg timestamp="20220106 14:37:11.182" level="INFO">${table} = Table(columns=['Order number', 'Head', 'Body', 'Legs', 'Address'], rows=20)</msg>
<status status="PASS" starttime="20220106 14:37:11.146" endtime="20220106 14:37:11.183"/>
</kw>
<status status="PASS" starttime="20220106 14:37:10.244" endtime="20220106 14:37:11.186"/>
</kw>
<kw name="Process orders">
<var>${order}</var>
<kw name="Download" library="RPA.HTTP">
<arg>url=${Orders_csvpath}</arg>
<arg>target_file=${Orders_csv}</arg>
<arg>overwrite=True</arg>
<doc>An alias for the ``HTTP Get`` keyword.</doc>
<msg timestamp="20220106 14:37:11.201" level="INFO">Using already existing HTTP session</msg>
<msg timestamp="20220106 14:37:11.322" level="INFO">GET Request : url=https://robotsparebinindustries.com/orders.csv 
 path_url=/orders.csv 
 headers={'User-Agent': 'python-requests/2.26.0', 'Accept-Encoding': 'gzip, deflate', 'Accept': '*/*', 'Connection': 'keep-alive'} 
 body=None 
 </msg>
<msg timestamp="20220106 14:37:11.325" level="INFO">GET Response : url=https://robotsparebinindustries.com/orders.csv 
 status=200, reason=OK 
 headers={'Connection': 'keep-alive', 'Content-Length': '199', 'Server': 'GitHub.com', 'Content-Type': 'text/csv; charset=utf-8', 'Last-Modified': 'Fri, 13 Aug 2021 11:27:04 GMT', 'Access-Control-Allow-Origin': '*', 'Strict-Transport-Security': 'max-age=31556952', 'ETag': 'W/"61165708-19c"', 'expires': 'Thu, 06 Jan 2022 05:43:01 GMT', 'Cache-Control': 'max-age=600', 'Content-Encoding': 'gzip', 'x-proxy-cache': 'MISS', 'X-GitHub-Request-Id': '3DEC:5CF8:19939B6:326D97F:61D67F0D', 'Accept-Ranges': 'bytes', 'Date': 'Thu, 06 Jan 2022 09:07:11 GMT', 'Via': '1.1 varnish', 'Age': '0', 'X-Served-By': 'cache-maa10242-MAA', 'X-Cache': 'HIT', 'X-Cache-Hits': '2', 'X-Timer': 'S1641460031.198849,VS0,VE0', 'Vary': 'Accept-Encoding', 'X-Fastly-Request-ID': 'a1cf24d895792bccafef50106abef5e0f5018df9'} 
 body=Order number,Head,Body,Legs,Address
1,1,2,3,Address 123
2,4,1,5,Address 456
3,6,2,3,Address 789
4,2,3,2,Address 1
5,3,5,1,Address 2
6,1,6,6,Address 3
7,5,1,5,Address 4
8,2,3,3,Address 5
9,3,2,2,Address 6
10,4,4,2,Address 7
11,6,6,1,Address 8
12,1,3,3,Address 9
13,1,5,4,Address A
14,3,1,5,Address B
15,3,2,6,Address C
16,6,3,6,Address D
17,5,4,1,Address E
18,2,5,1,Address F
19,4,6,2,Address G
20,1,1,5,Address H 
 </msg>
<status status="PASS" starttime="20220106 14:37:11.194" endtime="20220106 14:37:11.330"/>
</kw>
<kw name="Read table from CSV" library="RPA.Tables">
<var>${table}</var>
<arg>path=${Orders_csv}</arg>
<doc>Read a CSV file as a table.</doc>
<msg timestamp="20220106 14:37:11.376" level="INFO">${table} = Table(columns=['Order number', 'Head', 'Body', 'Legs', 'Address'], rows=20)</msg>
<status status="PASS" starttime="20220106 14:37:11.336" endtime="20220106 14:37:11.376"/>
</kw>
<msg timestamp="20220106 14:37:11.379" level="INFO">${order} = Table(columns=['Order number', 'Head', 'Body', 'Legs', 'Address'], rows=20)</msg>
<status status="PASS" starttime="20220106 14:37:11.189" endtime="20220106 14:37:11.380"/>
</kw>
<for flavor="IN">
<var>${row}</var>
<value>@{order}</value>
<iter>
<var name="${row}">{'Order number': '1', 'Head': '1', 'Body': '2', 'Legs': '3', 'Address': 'Address 123'}</var>
<kw name="Fill the form">
<arg>${row}</arg>
<kw name="Set Local Variable" library="BuiltIn">
<arg>${order_no}</arg>
<arg>${myrow}[Order number]</arg>
<doc>Makes a variable available everywhere within the local scope.</doc>
<msg timestamp="20220106 14:37:11.411" level="INFO">${order_no} = 1</msg>
<status status="PASS" starttime="20220106 14:37:11.397" endtime="20220106 14:37:11.411"/>
</kw>
<kw name="Set Local Variable" library="BuiltIn">
<arg>${head}</arg>
<arg>${myrow}[Head]</arg>
<doc>Makes a variable available everywhere within the local scope.</doc>
<msg timestamp="20220106 14:37:11.432" level="INFO">${head} = 1</msg>
<status status="PASS" starttime="20220106 14:37:11.414" endtime="20220106 14:37:11.433"/>
</kw>
<kw name="Set Local Variable" library="BuiltIn">
<arg>${body}</arg>
<arg>${myrow}[Body]</arg>
<doc>Makes a variable available everywhere within the local scope.</doc>
<msg timestamp="20220106 14:37:11.449" level="INFO">${body} = 2</msg>
<status status="PASS" starttime="20220106 14:37:11.435" endtime="20220106 14:37:11.449"/>
</kw>
<kw name="Set Local Variable" library="BuiltIn">
<arg>${legs}</arg>
<arg>${myrow}[Legs]</arg>
<doc>Makes a variable available everywhere within the local scope.</doc>
<msg timestamp="20220106 14:37:11.465" level="INFO">${legs} = 3</msg>
<status status="PASS" starttime="20220106 14:37:11.452" endtime="20220106 14:37:11.465"/>
</kw>
<kw name="Set Local Variable" library="BuiltIn">
<arg>${address}</arg>
<arg>${myrow}[Address]</arg>
<doc>Makes a variable available everywhere within the local scope.</doc>
<msg timestamp="20220106 14:37:11.482" level="INFO">${address} = Address 123</msg>
<status status="PASS" starttime="20220106 14:37:11.468" endtime="20220106 14:37:11.483"/>
</kw>
<kw name="Set Local Variable" library="BuiltIn">
<arg>${input_head}</arg>
<arg>//*[@id="head"]</arg>
<doc>Makes a variable available everywhere within the local scope.</doc>
<msg timestamp="20220106 14:37:11.503" level="INFO">${input_head} = //*[@id="head"]</msg>
<status status="PASS" starttime="20220106 14:37:11.486" endtime="20220106 14:37:11.505"/>
</kw>
<kw name="Set Local Variable" library="BuiltIn">
<arg>${input_body}</arg>
<arg>body</arg>
<doc>Makes a variable available everywhere within the local scope.</doc>
<msg timestamp="20220106 14:37:11.528" level="INFO">${input_body} = body</msg>
<status status="PASS" starttime="20220106 14:37:11.509" endtime="20220106 14:37:11.528"/>
</kw>
<kw name="Set Local Variable" library="BuiltIn">
<arg>${input_legs}</arg>
<arg>xpath://html/body/div/div/div[1]/div/div[1]/form/div[3]/input</arg>
<doc>Makes a variable available everywhere within the local scope.</doc>
<msg timestamp="20220106 14:37:11.556" level="INFO">${input_legs} = xpath://html/body/div/div/div[1]/div/div[1]/form/div[3]/input</msg>
<status status="PASS" starttime="20220106 14:37:11.532" endtime="20220106 14:37:11.557"/>
</kw>
<kw name="Set Local Variable" library="BuiltIn">
<arg>${input_address}</arg>
<arg>//*[@id="address"]</arg>
<doc>Makes a variable available everywhere within the local scope.</doc>
<msg timestamp="20220106 14:37:11.573" level="INFO">${input_address} = //*[@id="address"]</msg>
<status status="PASS" starttime="20220106 14:37:11.560" endtime="20220106 14:37:11.574"/>
</kw>
<kw name="Set Local Variable" library="BuiltIn">
<arg>${preview}</arg>
<arg>//*[@id="preview"]</arg>
<doc>Makes a variable available everywhere within the local scope.</doc>
<msg timestamp="20220106 14:37:11.594" level="INFO">${preview} = //*[@id="preview"]</msg>
<status status="PASS" starttime="20220106 14:37:11.578" endtime="20220106 14:37:11.595"/>
</kw>
<kw name="Set Local Variable" library="BuiltIn">
<arg>${order}</arg>
<arg>//*[@id="order"]</arg>
<doc>Makes a variable available everywhere within the local scope.</doc>
<msg timestamp="20220106 14:37:11.612" level="INFO">${order} = //*[@id="order"]</msg>
<status status="PASS" starttime="20220106 14:37:11.597" endtime="20220106 14:37:11.613"/>
</kw>
<kw name="Wait Until Element Is Visible" library="RPA.Browser.Selenium">
<arg>${input_head}</arg>
<doc>Waits until the element ``locator`` is visible.</doc>
<status status="PASS" starttime="20220106 14:37:11.615" endtime="20220106 14:37:11.668"/>
</kw>
<kw name="Wait Until Element Is Enabled" library="RPA.Browser.Selenium">
<arg>${input_head}</arg>
<doc>Waits until the element ``locator`` is enabled.</doc>
<status status="PASS" starttime="20220106 14:37:11.671" endtime="20220106 14:37:11.722"/>
</kw>
<kw name="Select From List By Value" library="RPA.Browser.Selenium">
<arg>${input_head}</arg>
<arg>${head}</arg>
<doc>Selects options from selection list ``locator`` by ``values``.</doc>
<msg timestamp="20220106 14:37:11.728" level="INFO">Selecting options from selection list '//*[@id="head"]' by value 1.</msg>
<status status="PASS" starttime="20220106 14:37:11.724" endtime="20220106 14:37:11.854"/>
</kw>
<kw name="Wait Until Element Is Enabled" library="RPA.Browser.Selenium">
<arg>${input_body}</arg>
<doc>Waits until the element ``locator`` is enabled.</doc>
<status status="PASS" starttime="20220106 14:37:11.857" endtime="20220106 14:37:11.920"/>
</kw>
<kw name="Select Radio Button" library="RPA.Browser.Selenium">
<arg>${input_body}</arg>
<arg>${body}</arg>
<doc>Sets the radio button group ``group_name`` to ``value``.</doc>
<msg timestamp="20220106 14:37:11.927" level="INFO">Selecting '2' from radio button 'body'.</msg>
<status status="PASS" starttime="20220106 14:37:11.922" endtime="20220106 14:37:12.041"/>
</kw>
<kw name="Wait Until Element Is Enabled" library="RPA.Browser.Selenium">
<arg>${input_legs}</arg>
<doc>Waits until the element ``locator`` is enabled.</doc>
<status status="PASS" starttime="20220106 14:37:12.046" endtime="20220106 14:37:12.103"/>
</kw>
<kw name="Input Text" library="RPA.Browser.Selenium">
<arg>${input_legs}</arg>
<arg>${legs}</arg>
<doc>Types the given ``text`` into the text field identified by ``locator``.</doc>
<msg timestamp="20220106 14:37:12.112" level="INFO">Typing text '3' into text field 'xpath://html/body/div/div/div[1]/div/div[1]/form/div[3]/input'.</msg>
<status status="PASS" starttime="20220106 14:37:12.106" endtime="20220106 14:37:12.292"/>
</kw>
<kw name="Wait Until Element Is Enabled" library="RPA.Browser.Selenium">
<arg>${input_address}</arg>
<doc>Waits until the element ``locator`` is enabled.</doc>
<status status="PASS" starttime="20220106 14:37:12.296" endtime="20220106 14:37:12.352"/>
</kw>
<kw name="Input Text" library="RPA.Browser.Selenium">
<arg>${input_address}</arg>
<arg>${address}</arg>
<doc>Types the given ``text`` into the text field identified by ``locator``.</doc>
<msg timestamp="20220106 14:37:12.359" level="INFO">Typing text 'Address 123' into text field '//*[@id="address"]'.</msg>
<status status="PASS" starttime="20220106 14:37:12.355" endtime="20220106 14:37:12.550"/>
</kw>
<status status="PASS" starttime="20220106 14:37:11.393" endtime="20220106 14:37:12.552"/>
</kw>
<kw name="Wait Until Keyword Succeeds" library="BuiltIn">
<arg>10x</arg>
<arg>1s</arg>
<arg>check the robots</arg>
<doc>Runs the specified keyword and retries if it fails.</doc>
<kw name="check the robots">
<kw name="Set Local Variable" library="BuiltIn">
<arg>${preview}</arg>
<arg>//*[@id="preview"]</arg>
<doc>Makes a variable available everywhere within the local scope.</doc>
<msg timestamp="20220106 14:37:12.581" level="INFO">${preview} = //*[@id="preview"]</msg>
<status status="PASS" starttime="20220106 14:37:12.567" endtime="20220106 14:37:12.582"/>
</kw>
<kw name="Set Local Variable" library="BuiltIn">
<arg>${img_preview}</arg>
<arg>//*[@id="robot-preview-image"]</arg>
<doc>Makes a variable available everywhere within the local scope.</doc>
<msg timestamp="20220106 14:37:12.600" level="INFO">${img_preview} = //*[@id="robot-preview-image"]</msg>
<status status="PASS" starttime="20220106 14:37:12.584" endtime="20220106 14:37:12.601"/>
</kw>
<kw name="Click Button" library="RPA.Browser.Selenium">
<arg>${preview}</arg>
<doc>Clicks the button identified by ``locator``.</doc>
<msg timestamp="20220106 14:37:12.607" level="INFO">Clicking button '//*[@id="preview"]'.</msg>
<status status="PASS" starttime="20220106 14:37:12.604" endtime="20220106 14:37:12.738"/>
</kw>
<kw name="Wait Until Element Is Visible" library="RPA.Browser.Selenium">
<arg>${img_preview}</arg>
<doc>Waits until the element ``locator`` is visible.</doc>
<status status="PASS" starttime="20220106 14:37:12.743" endtime="20220106 14:37:12.805"/>
</kw>
<kw name="Sleep" library="BuiltIn">
<arg>2s</arg>
<doc>Pauses the test executed for the given time.</doc>
<msg timestamp="20220106 14:37:14.822" level="INFO">Slept 2 seconds</msg>
<status status="PASS" starttime="20220106 14:37:12.807" endtime="20220106 14:37:14.824"/>
</kw>
<status status="PASS" starttime="20220106 14:37:12.560" endtime="20220106 14:37:14.831"/>
</kw>
<status status="PASS" starttime="20220106 14:37:12.555" endtime="20220106 14:37:14.835"/>
</kw>
<kw name="Wait Until Keyword Succeeds" library="BuiltIn">
<arg>10x</arg>
<arg>1s</arg>
<arg>Submited</arg>
<doc>Runs the specified keyword and retries if it fails.</doc>
<kw name="Submited">
<kw name="Set Local Variable" library="BuiltIn">
<arg>${order}</arg>
<arg>//*[@id="order"]</arg>
<doc>Makes a variable available everywhere within the local scope.</doc>
<msg timestamp="20220106 14:37:14.862" level="INFO">${order} = //*[@id="order"]</msg>
<status status="PASS" starttime="20220106 14:37:14.848" endtime="20220106 14:37:14.862"/>
</kw>
<kw name="Set Local Variable" library="BuiltIn">
<arg>${receipt}</arg>
<arg>//*[@id="receipt"]</arg>
<doc>Makes a variable available everywhere within the local scope.</doc>
<msg timestamp="20220106 14:37:14.884" level="INFO">${receipt} = //*[@id="receipt"]</msg>
<status status="PASS" starttime="20220106 14:37:14.865" endtime="20220106 14:37:14.884"/>
</kw>
<kw name="Mute Run On Failure" library="RPA.RobotLogListener">
<arg>Page Should Contain Element</arg>
<doc>Set keywords which should not execute `SeleniumLibrary`
default behaviour of running keyword on failure.</doc>
<kw name="Get Library Instance" library="BuiltIn">
<arg>RPA.Browser</arg>
<doc>Returns the currently active instance of the specified test library.</doc>
<msg timestamp="20220106 14:37:14.902" level="FAIL">No library 'RPA.Browser' found.</msg>
<status status="FAIL" starttime="20220106 14:37:14.893" endtime="20220106 14:37:14.903"/>
</kw>
<kw name="Get Library Instance" library="BuiltIn">
<arg>RPA.Browser.Selenium</arg>
<doc>Returns the currently active instance of the specified test library.</doc>
<status status="PASS" starttime="20220106 14:37:14.905" endtime="20220106 14:37:14.908"/>
</kw>
<status status="PASS" starttime="20220106 14:37:14.887" endtime="20220106 14:37:14.910"/>
</kw>
<kw name="Click Button" library="RPA.Browser.Selenium">
<arg>${order}</arg>
<doc>Clicks the button identified by ``locator``.</doc>
<msg timestamp="20220106 14:37:14.920" level="INFO">Clicking button '//*[@id="order"]'.</msg>
<status status="PASS" starttime="20220106 14:37:14.913" endtime="20220106 14:37:15.066"/>
</kw>
<kw name="Page Should Contain Element" library="RPA.Browser.Selenium">
<arg>${receipt}</arg>
<arg>${order}</arg>
<doc>Verifies that element ``locator`` is found on the current page.</doc>
<msg timestamp="20220106 14:37:15.078" level="INFO">No keyword will be run on failure.</msg>
<msg timestamp="20220106 14:37:15.138" level="FAIL">//*[@id="order"]</msg>
<msg timestamp="20220106 14:37:15.140" level="INFO">Capture Page Screenshot will be run on failure.</msg>
<status status="FAIL" starttime="20220106 14:37:15.072" endtime="20220106 14:37:15.139"/>
</kw>
<kw name="Sleep" library="BuiltIn">
<arg>2s</arg>
<doc>Pauses the test executed for the given time.</doc>
<status status="NOT RUN" starttime="20220106 14:37:15.146" endtime="20220106 14:37:15.148"/>
</kw>
<status status="FAIL" starttime="20220106 14:37:14.843" endtime="20220106 14:37:15.155"/>
</kw>
<kw name="Submited">
<kw name="Set Local Variable" library="BuiltIn">
<arg>${order}</arg>
<arg>//*[@id="order"]</arg>
<doc>Makes a variable available everywhere within the local scope.</doc>
<msg timestamp="20220106 14:37:16.196" level="INFO">${order} = //*[@id="order"]</msg>
<status status="PASS" starttime="20220106 14:37:16.178" endtime="20220106 14:37:16.196"/>
</kw>
<kw name="Set Local Variable" library="BuiltIn">
<arg>${receipt}</arg>
<arg>//*[@id="receipt"]</arg>
<doc>Makes a variable available everywhere within the local scope.</doc>
<msg timestamp="20220106 14:37:16.216" level="INFO">${receipt} = //*[@id="receipt"]</msg>
<status status="PASS" starttime="20220106 14:37:16.200" endtime="20220106 14:37:16.217"/>
</kw>
<kw name="Mute Run On Failure" library="RPA.RobotLogListener">
<arg>Page Should Contain Element</arg>
<doc>Set keywords which should not execute `SeleniumLibrary`
default behaviour of running keyword on failure.</doc>
<kw name="Get Library Instance" library="BuiltIn">
<arg>RPA.Browser</arg>
<doc>Returns the currently active instance of the specified test library.</doc>
<msg timestamp="20220106 14:37:16.231" level="FAIL">No library 'RPA.Browser' found.</msg>
<status status="FAIL" starttime="20220106 14:37:16.224" endtime="20220106 14:37:16.232"/>
</kw>
<kw name="Get Library Instance" library="BuiltIn">
<arg>RPA.Browser.Selenium</arg>
<doc>Returns the currently active instance of the specified test library.</doc>
<status status="PASS" starttime="20220106 14:37:16.235" endtime="20220106 14:37:16.238"/>
</kw>
<status status="PASS" starttime="20220106 14:37:16.220" endtime="20220106 14:37:16.240"/>
</kw>
<kw name="Click Button" library="RPA.Browser.Selenium">
<arg>${order}</arg>
<doc>Clicks the button identified by ``locator``.</doc>
<msg timestamp="20220106 14:37:16.248" level="INFO">Clicking button '//*[@id="order"]'.</msg>
<status status="PASS" starttime="20220106 14:37:16.243" endtime="20220106 14:37:16.512"/>
</kw>
<kw name="Page Should Contain Element" library="RPA.Browser.Selenium">
<arg>${receipt}</arg>
<arg>${order}</arg>
<doc>Verifies that element ``locator`` is found on the current page.</doc>
<msg timestamp="20220106 14:37:16.525" level="INFO">No keyword will be run on failure.</msg>
<msg timestamp="20220106 14:37:16.525" level="INFO">No keyword will be run on failure.</msg>
<msg timestamp="20220106 14:37:16.545" level="INFO">Current page contains element '//*[@id="receipt"]'.</msg>
<status status="PASS" starttime="20220106 14:37:16.521" endtime="20220106 14:37:16.546"/>
</kw>
<kw name="Sleep" library="BuiltIn">
<arg>2s</arg>
<doc>Pauses the test executed for the given time.</doc>
<msg timestamp="20220106 14:37:18.553" level="INFO">Slept 2 seconds</msg>
<status status="PASS" starttime="20220106 14:37:16.549" endtime="20220106 14:37:18.556"/>
</kw>
<status status="PASS" starttime="20220106 14:37:16.169" endtime="20220106 14:37:18.560"/>
</kw>
<status status="PASS" starttime="20220106 14:37:14.839" endtime="20220106 14:37:18.562"/>
</kw>
<kw name="Store PDF file">
<var>${pdf}</var>
<arg>${row}[Order number]</arg>
<kw name="Get Element Attribute" library="RPA.Browser.Selenium">
<var>${pdf_file}</var>
<arg>id:receipt</arg>
<arg>outerHTML</arg>
<doc>Returns the value of ``attribute`` from the element ``locator``.</doc>
<msg timestamp="20220106 14:37:18.606" level="INFO">${pdf_file} = &lt;div id="receipt" class="alert alert-success" role="alert"&gt;&lt;h3&gt;Receipt&lt;/h3&gt;&lt;div&gt;2022-01-06T09:07:16.338Z&lt;/div&gt;&lt;p class="badge badge-success"&gt;RSB-ROBO-ORDER-DHNWLX78O3&lt;/p&gt;&lt;p&gt;Address 123&lt;/p&gt;&lt;div id="par...</msg>
<status status="PASS" starttime="20220106 14:37:18.570" endtime="20220106 14:37:18.606"/>
</kw>
<kw name="Html To Pdf" library="RPA.PDF">
<arg>${pdf_file}</arg>
<arg>e:\\Robot\\Orderobot${/}result${/}Order_${myrow}.pdf</arg>
<doc>Generate a PDF file from HTML content.</doc>
<msg timestamp="20220106 14:37:18.614" level="INFO">Writing output to file E:\Robot\Orderobot\result\Order_1.pdf</msg>
<status status="PASS" starttime="20220106 14:37:18.608" endtime="20220106 14:37:19.089"/>
</kw>
<msg timestamp="20220106 14:37:19.094" level="INFO">${pdf} = e:\Robot\Orderobot\result\Order_1.pdf</msg>
<status status="PASS" starttime="20220106 14:37:18.565" endtime="20220106 14:37:19.094"/>
</kw>
<kw name="Take a screenshot">
<var>${screenshot}</var>
<arg>${row}[Order number]</arg>
<kw name="Capture Element Screenshot" library="RPA.Browser.Selenium">
<arg>//*[@id="robot-preview-image"]</arg>
<arg>e:\\Robot\\Orderobot${/}image${/}Order_${row}.png</arg>
<doc>Captures a screenshot from the element identified by ``locator`` and embeds it into log file.</doc>
<msg timestamp="20220106 14:37:19.304" level="INFO" html="true">&lt;/td&gt;&lt;/tr&gt;&lt;tr&gt;&lt;td colspan="3"&gt;&lt;a href="file:///E:/Robot/Orderobot/image/Order_1.png"&gt;&lt;img src="file:///E:/Robot/Orderobot/image/Order_1.png" width="400px"&gt;&lt;/a&gt;</msg>
<status status="PASS" starttime="20220106 14:37:19.102" endtime="20220106 14:37:19.305"/>
</kw>
<msg timestamp="20220106 14:37:19.311" level="INFO">${screenshot} = e:\Robot\Orderobot\image\Order_1.png</msg>
<status status="PASS" starttime="20220106 14:37:19.097" endtime="20220106 14:37:19.311"/>
</kw>
<kw name="screenshot to the PDF file">
<arg>${row}[Order number]</arg>
<kw name="Create List" library="BuiltIn">
<var>${screenshot}</var>
<arg>e:\\Robot\\Orderobot${/}image${/}Order_${row}.png</arg>
<doc>Returns a list containing given items.</doc>
<msg timestamp="20220106 14:37:19.323" level="INFO">${screenshot} = ['e:\\Robot\\Orderobot\\image\\Order_1.png']</msg>
<status status="PASS" starttime="20220106 14:37:19.319" endtime="20220106 14:37:19.323"/>
</kw>
<kw name="Add Files To Pdf" library="RPA.PDF">
<arg>${screenshot}</arg>
<arg>e:\\Robot\\Orderobot${/}result${/}Order_${row}.pdf</arg>
<arg>True</arg>
<doc>Add images and/or pdfs to new PDF document</doc>
<msg timestamp="20220106 14:37:19.337" level="INFO">Adding page: 0</msg>
<msg timestamp="20220106 14:37:19.338" level="INFO">File e:\Robot\Orderobot\image\Order_1.png type: png</msg>
<msg timestamp="20220106 14:37:19.339" level="INFO">Image parameters: {}</msg>
<status status="PASS" starttime="20220106 14:37:19.326" endtime="20220106 14:37:23.265"/>
</kw>
<status status="PASS" starttime="20220106 14:37:19.313" endtime="20220106 14:37:23.268"/>
</kw>
<kw name="Go to order another robot">
<kw name="Set Local Variable" library="BuiltIn">
<arg>${order_another_robot}</arg>
<arg>//*[@id="order-another"]</arg>
<doc>Makes a variable available everywhere within the local scope.</doc>
<msg timestamp="20220106 14:37:23.286" level="INFO">${order_another_robot} = //*[@id="order-another"]</msg>
<status status="PASS" starttime="20220106 14:37:23.275" endtime="20220106 14:37:23.287"/>
</kw>
<kw name="Click Button" library="RPA.Browser.Selenium">
<arg>${order_another_robot}</arg>
<doc>Clicks the button identified by ``locator``.</doc>
<msg timestamp="20220106 14:37:23.293" level="INFO">Clicking button '//*[@id="order-another"]'.</msg>
<status status="PASS" starttime="20220106 14:37:23.289" endtime="20220106 14:37:24.016"/>
</kw>
<kw name="Sleep" library="BuiltIn">
<arg>1s</arg>
<doc>Pauses the test executed for the given time.</doc>
<msg timestamp="20220106 14:37:25.040" level="INFO">Slept 1 second</msg>
<status status="PASS" starttime="20220106 14:37:24.023" endtime="20220106 14:37:25.042"/>
</kw>
<status status="PASS" starttime="20220106 14:37:23.270" endtime="20220106 14:37:25.048"/>
</kw>
<kw name="annoying model">
<kw name="Set Local Variable" library="BuiltIn">
<arg>${btn_yep}</arg>
<arg>//*[@id="root"]/div/div[2]/div/div/div/div/div/button[2]</arg>
<doc>Makes a variable available everywhere within the local scope.</doc>
<msg timestamp="20220106 14:37:25.076" level="INFO">${btn_yep} = //*[@id="root"]/div/div[2]/div/div/div/div/div/button[2]</msg>
<status status="PASS" starttime="20220106 14:37:25.061" endtime="20220106 14:37:25.077"/>
</kw>
<kw name="Wait And Click Button" library="RPA.Browser.Selenium">
<arg>${btn_yep}</arg>
<doc>Click button identified by ``locator``, once it becomes visible.</doc>
<msg timestamp="20220106 14:37:25.131" level="INFO">Clicking button '//*[@id="root"]/div/div[2]/div/div/div/div/div/button[2]'.</msg>
<status status="PASS" starttime="20220106 14:37:25.079" endtime="20220106 14:37:25.253"/>
</kw>
<status status="PASS" starttime="20220106 14:37:25.052" endtime="20220106 14:37:25.256"/>
</kw>
<status status="PASS" starttime="20220106 14:37:11.390" endtime="20220106 14:37:25.257"/>
</iter>
<iter>
<var name="${row}">{'Order number': '2', 'Head': '4', 'Body': '1', 'Legs': '5', 'Address': 'Address 456'}</var>
<kw name="Fill the form">
<arg>${row}</arg>
<kw name="Set Local Variable" library="BuiltIn">
<arg>${order_no}</arg>
<arg>${myrow}[Order number]</arg>
<doc>Makes a variable available everywhere within the local scope.</doc>
<msg timestamp="20220106 14:37:25.283" level="INFO">${order_no} = 2</msg>
<status status="PASS" starttime="20220106 14:37:25.270" endtime="20220106 14:37:25.283"/>
</kw>
<kw name="Set Local Variable" library="BuiltIn">
<arg>${head}</arg>
<arg>${myrow}[Head]</arg>
<doc>Makes a variable available everywhere within the local scope.</doc>
<msg timestamp="20220106 14:37:25.301" level="INFO">${head} = 4</msg>
<status status="PASS" starttime="20220106 14:37:25.286" endtime="20220106 14:37:25.301"/>
</kw>
<kw name="Set Local Variable" library="BuiltIn">
<arg>${body}</arg>
<arg>${myrow}[Body]</arg>
<doc>Makes a variable available everywhere within the local scope.</doc>
<msg timestamp="20220106 14:37:25.320" level="INFO">${body} = 1</msg>
<status status="PASS" starttime="20220106 14:37:25.304" endtime="20220106 14:37:25.320"/>
</kw>
<kw name="Set Local Variable" library="BuiltIn">
<arg>${legs}</arg>
<arg>${myrow}[Legs]</arg>
<doc>Makes a variable available everywhere within the local scope.</doc>
<msg timestamp="20220106 14:37:25.336" level="INFO">${legs} = 5</msg>
<status status="PASS" starttime="20220106 14:37:25.323" endtime="20220106 14:37:25.337"/>
</kw>
<kw name="Set Local Variable" library="BuiltIn">
<arg>${address}</arg>
<arg>${myrow}[Address]</arg>
<doc>Makes a variable available everywhere within the local scope.</doc>
<msg timestamp="20220106 14:37:25.356" level="INFO">${address} = Address 456</msg>
<status status="PASS" starttime="20220106 14:37:25.340" endtime="20220106 14:37:25.356"/>
</kw>
<kw name="Set Local Variable" library="BuiltIn">
<arg>${input_head}</arg>
<arg>//*[@id="head"]</arg>
<doc>Makes a variable available everywhere within the local scope.</doc>
<msg timestamp="20220106 14:37:25.374" level="INFO">${input_head} = //*[@id="head"]</msg>
<status status="PASS" starttime="20220106 14:37:25.359" endtime="20220106 14:37:25.375"/>
</kw>
<kw name="Set Local Variable" library="BuiltIn">
<arg>${input_body}</arg>
<arg>body</arg>
<doc>Makes a variable available everywhere within the local scope.</doc>
<msg timestamp="20220106 14:37:25.392" level="INFO">${input_body} = body</msg>
<status status="PASS" starttime="20220106 14:37:25.377" endtime="20220106 14:37:25.393"/>
</kw>
<kw name="Set Local Variable" library="BuiltIn">
<arg>${input_legs}</arg>
<arg>xpath://html/body/div/div/div[1]/div/div[1]/form/div[3]/input</arg>
<doc>Makes a variable available everywhere within the local scope.</doc>
<msg timestamp="20220106 14:37:25.409" level="INFO">${input_legs} = xpath://html/body/div/div/div[1]/div/div[1]/form/div[3]/input</msg>
<status status="PASS" starttime="20220106 14:37:25.395" endtime="20220106 14:37:25.410"/>
</kw>
<kw name="Set Local Variable" library="BuiltIn">
<arg>${input_address}</arg>
<arg>//*[@id="address"]</arg>
<doc>Makes a variable available everywhere within the local scope.</doc>
<msg timestamp="20220106 14:37:25.427" level="INFO">${input_address} = //*[@id="address"]</msg>
<status status="PASS" starttime="20220106 14:37:25.413" endtime="20220106 14:37:25.427"/>
</kw>
<kw name="Set Local Variable" library="BuiltIn">
<arg>${preview}</arg>
<arg>//*[@id="preview"]</arg>
<doc>Makes a variable available everywhere within the local scope.</doc>
<msg timestamp="20220106 14:37:25.449" level="INFO">${preview} = //*[@id="preview"]</msg>
<status status="PASS" starttime="20220106 14:37:25.431" endtime="20220106 14:37:25.449"/>
</kw>
<kw name="Set Local Variable" library="BuiltIn">
<arg>${order}</arg>
<arg>//*[@id="order"]</arg>
<doc>Makes a variable available everywhere within the local scope.</doc>
<msg timestamp="20220106 14:37:25.475" level="INFO">${order} = //*[@id="order"]</msg>
<status status="PASS" starttime="20220106 14:37:25.454" endtime="20220106 14:37:25.476"/>
</kw>
<kw name="Wait Until Element Is Visible" library="RPA.Browser.Selenium">
<arg>${input_head}</arg>
<doc>Waits until the element ``locator`` is visible.</doc>
<status status="PASS" starttime="20220106 14:37:25.479" endtime="20220106 14:37:25.530"/>
</kw>
<kw name="Wait Until Element Is Enabled" library="RPA.Browser.Selenium">
<arg>${input_head}</arg>
<doc>Waits until the element ``locator`` is enabled.</doc>
<status status="PASS" starttime="20220106 14:37:25.535" endtime="20220106 14:37:25.583"/>
</kw>
<kw name="Select From List By Value" library="RPA.Browser.Selenium">
<arg>${input_head}</arg>
<arg>${head}</arg>
<doc>Selects options from selection list ``locator`` by ``values``.</doc>
<msg timestamp="20220106 14:37:25.592" level="INFO">Selecting options from selection list '//*[@id="head"]' by value 4.</msg>
<status status="PASS" starttime="20220106 14:37:25.585" endtime="20220106 14:37:25.725"/>
</kw>
<kw name="Wait Until Element Is Enabled" library="RPA.Browser.Selenium">
<arg>${input_body}</arg>
<doc>Waits until the element ``locator`` is enabled.</doc>
<status status="PASS" starttime="20220106 14:37:25.730" endtime="20220106 14:37:25.794"/>
</kw>
<kw name="Select Radio Button" library="RPA.Browser.Selenium">
<arg>${input_body}</arg>
<arg>${body}</arg>
<doc>Sets the radio button group ``group_name`` to ``value``.</doc>
<msg timestamp="20220106 14:37:25.803" level="INFO">Selecting '1' from radio button 'body'.</msg>
<status status="PASS" starttime="20220106 14:37:25.799" endtime="20220106 14:37:25.920"/>
</kw>
<kw name="Wait Until Element Is Enabled" library="RPA.Browser.Selenium">
<arg>${input_legs}</arg>
<doc>Waits until the element ``locator`` is enabled.</doc>
<status status="PASS" starttime="20220106 14:37:25.923" endtime="20220106 14:37:25.982"/>
</kw>
<kw name="Input Text" library="RPA.Browser.Selenium">
<arg>${input_legs}</arg>
<arg>${legs}</arg>
<doc>Types the given ``text`` into the text field identified by ``locator``.</doc>
<msg timestamp="20220106 14:37:25.989" level="INFO">Typing text '5' into text field 'xpath://html/body/div/div/div[1]/div/div[1]/form/div[3]/input'.</msg>
<status status="PASS" starttime="20220106 14:37:25.985" endtime="20220106 14:37:26.142"/>
</kw>
<kw name="Wait Until Element Is Enabled" library="RPA.Browser.Selenium">
<arg>${input_address}</arg>
<doc>Waits until the element ``locator`` is enabled.</doc>
<status status="PASS" starttime="20220106 14:37:26.148" endtime="20220106 14:37:26.225"/>
</kw>
<kw name="Input Text" library="RPA.Browser.Selenium">
<arg>${input_address}</arg>
<arg>${address}</arg>
<doc>Types the given ``text`` into the text field identified by ``locator``.</doc>
<msg timestamp="20220106 14:37:26.234" level="INFO">Typing text 'Address 456' into text field '//*[@id="address"]'.</msg>
<status status="PASS" starttime="20220106 14:37:26.230" endtime="20220106 14:37:26.415"/>
</kw>
<status status="PASS" starttime="20220106 14:37:25.264" endtime="20220106 14:37:26.418"/>
</kw>
<kw name="Wait Until Keyword Succeeds" library="BuiltIn">
<arg>10x</arg>
<arg>1s</arg>
<arg>check the robots</arg>
<doc>Runs the specified keyword and retries if it fails.</doc>
<kw name="check the robots">
<kw name="Set Local Variable" library="BuiltIn">
<arg>${preview}</arg>
<arg>//*[@id="preview"]</arg>
<doc>Makes a variable available everywhere within the local scope.</doc>
<msg timestamp="20220106 14:37:26.446" level="INFO">${preview} = //*[@id="preview"]</msg>
<status status="PASS" starttime="20220106 14:37:26.432" endtime="20220106 14:37:26.447"/>
</kw>
<kw name="Set Local Variable" library="BuiltIn">
<arg>${img_preview}</arg>
<arg>//*[@id="robot-preview-image"]</arg>
<doc>Makes a variable available everywhere within the local scope.</doc>
<msg timestamp="20220106 14:37:26.469" level="INFO">${img_preview} = //*[@id="robot-preview-image"]</msg>
<status status="PASS" starttime="20220106 14:37:26.453" endtime="20220106 14:37:26.470"/>
</kw>
<kw name="Click Button" library="RPA.Browser.Selenium">
<arg>${preview}</arg>
<doc>Clicks the button identified by ``locator``.</doc>
<msg timestamp="20220106 14:37:26.477" level="INFO">Clicking button '//*[@id="preview"]'.</msg>
<status status="PASS" starttime="20220106 14:37:26.472" endtime="20220106 14:37:26.607"/>
</kw>
<kw name="Wait Until Element Is Visible" library="RPA.Browser.Selenium">
<arg>${img_preview}</arg>
<doc>Waits until the element ``locator`` is visible.</doc>
<status status="PASS" starttime="20220106 14:37:26.611" endtime="20220106 14:37:26.668"/>
</kw>
<kw name="Sleep" library="BuiltIn">
<arg>2s</arg>
<doc>Pauses the test executed for the given time.</doc>
<msg timestamp="20220106 14:37:28.692" level="INFO">Slept 2 seconds</msg>
<status status="PASS" starttime="20220106 14:37:26.673" endtime="20220106 14:37:28.694"/>
</kw>
<status status="PASS" starttime="20220106 14:37:26.425" endtime="20220106 14:37:28.700"/>
</kw>
<status status="PASS" starttime="20220106 14:37:26.421" endtime="20220106 14:37:28.705"/>
</kw>
<kw name="Wait Until Keyword Succeeds" library="BuiltIn">
<arg>10x</arg>
<arg>1s</arg>
<arg>Submited</arg>
<doc>Runs the specified keyword and retries if it fails.</doc>
<kw name="Submited">
<kw name="Set Local Variable" library="BuiltIn">
<arg>${order}</arg>
<arg>//*[@id="order"]</arg>
<doc>Makes a variable available everywhere within the local scope.</doc>
<msg timestamp="20220106 14:37:28.757" level="INFO">${order} = //*[@id="order"]</msg>
<status status="PASS" starttime="20220106 14:37:28.730" endtime="20220106 14:37:28.758"/>
</kw>
<kw name="Set Local Variable" library="BuiltIn">
<arg>${receipt}</arg>
<arg>//*[@id="receipt"]</arg>
<doc>Makes a variable available everywhere within the local scope.</doc>
<msg timestamp="20220106 14:37:28.776" level="INFO">${receipt} = //*[@id="receipt"]</msg>
<status status="PASS" starttime="20220106 14:37:28.761" endtime="20220106 14:37:28.776"/>
</kw>
<kw name="Mute Run On Failure" library="RPA.RobotLogListener">
<arg>Page Should Contain Element</arg>
<doc>Set keywords which should not execute `SeleniumLibrary`
default behaviour of running keyword on failure.</doc>
<kw name="Get Library Instance" library="BuiltIn">
<arg>RPA.Browser</arg>
<doc>Returns the currently active instance of the specified test library.</doc>
<msg timestamp="20220106 14:37:28.790" level="FAIL">No library 'RPA.Browser' found.</msg>
<status status="FAIL" starttime="20220106 14:37:28.784" endtime="20220106 14:37:28.790"/>
</kw>
<kw name="Get Library Instance" library="BuiltIn">
<arg>RPA.Browser.Selenium</arg>
<doc>Returns the currently active instance of the specified test library.</doc>
<status status="PASS" starttime="20220106 14:37:28.793" endtime="20220106 14:37:28.795"/>
</kw>
<status status="PASS" starttime="20220106 14:37:28.779" endtime="20220106 14:37:28.797"/>
</kw>
<kw name="Click Button" library="RPA.Browser.Selenium">
<arg>${order}</arg>
<doc>Clicks the button identified by ``locator``.</doc>
<msg timestamp="20220106 14:37:28.804" level="INFO">Clicking button '//*[@id="order"]'.</msg>
<status status="PASS" starttime="20220106 14:37:28.799" endtime="20220106 14:37:28.926"/>
</kw>
<kw name="Page Should Contain Element" library="RPA.Browser.Selenium">
<arg>${receipt}</arg>
<arg>${order}</arg>
<doc>Verifies that element ``locator`` is found on the current page.</doc>
<msg timestamp="20220106 14:37:28.936" level="INFO">No keyword will be run on failure.</msg>
<msg timestamp="20220106 14:37:28.937" level="INFO">No keyword will be run on failure.</msg>
<msg timestamp="20220106 14:37:28.938" level="INFO">No keyword will be run on failure.</msg>
<msg timestamp="20220106 14:37:28.987" level="FAIL">//*[@id="order"]</msg>
<status status="FAIL" starttime="20220106 14:37:28.934" endtime="20220106 14:37:28.987"/>
</kw>
<kw name="Sleep" library="BuiltIn">
<arg>2s</arg>
<doc>Pauses the test executed for the given time.</doc>
<status status="NOT RUN" starttime="20220106 14:37:28.993" endtime="20220106 14:37:28.995"/>
</kw>
<status status="FAIL" starttime="20220106 14:37:28.720" endtime="20220106 14:37:29.002"/>
</kw>
<kw name="Submited">
<kw name="Set Local Variable" library="BuiltIn">
<arg>${order}</arg>
<arg>//*[@id="order"]</arg>
<doc>Makes a variable available everywhere within the local scope.</doc>
<msg timestamp="20220106 14:37:30.040" level="INFO">${order} = //*[@id="order"]</msg>
<status status="PASS" starttime="20220106 14:37:30.015" endtime="20220106 14:37:30.042"/>
</kw>
<kw name="Set Local Variable" library="BuiltIn">
<arg>${receipt}</arg>
<arg>//*[@id="receipt"]</arg>
<doc>Makes a variable available everywhere within the local scope.</doc>
<msg timestamp="20220106 14:37:30.061" level="INFO">${receipt} = //*[@id="receipt"]</msg>
<status status="PASS" starttime="20220106 14:37:30.048" endtime="20220106 14:37:30.061"/>
</kw>
<kw name="Mute Run On Failure" library="RPA.RobotLogListener">
<arg>Page Should Contain Element</arg>
<doc>Set keywords which should not execute `SeleniumLibrary`
default behaviour of running keyword on failure.</doc>
<kw name="Get Library Instance" library="BuiltIn">
<arg>RPA.Browser</arg>
<doc>Returns the currently active instance of the specified test library.</doc>
<msg timestamp="20220106 14:37:30.073" level="FAIL">No library 'RPA.Browser' found.</msg>
<status status="FAIL" starttime="20220106 14:37:30.068" endtime="20220106 14:37:30.074"/>
</kw>
<kw name="Get Library Instance" library="BuiltIn">
<arg>RPA.Browser.Selenium</arg>
<doc>Returns the currently active instance of the specified test library.</doc>
<status status="PASS" starttime="20220106 14:37:30.077" endtime="20220106 14:37:30.080"/>
</kw>
<status status="PASS" starttime="20220106 14:37:30.064" endtime="20220106 14:37:30.082"/>
</kw>
<kw name="Click Button" library="RPA.Browser.Selenium">
<arg>${order}</arg>
<doc>Clicks the button identified by ``locator``.</doc>
<msg timestamp="20220106 14:37:30.087" level="INFO">Clicking button '//*[@id="order"]'.</msg>
<status status="PASS" starttime="20220106 14:37:30.084" endtime="20220106 14:37:30.186"/>
</kw>
<kw name="Page Should Contain Element" library="RPA.Browser.Selenium">
<arg>${receipt}</arg>
<arg>${order}</arg>
<doc>Verifies that element ``locator`` is found on the current page.</doc>
<msg timestamp="20220106 14:37:30.195" level="INFO">No keyword will be run on failure.</msg>
<msg timestamp="20220106 14:37:30.196" level="INFO">No keyword will be run on failure.</msg>
<msg timestamp="20220106 14:37:30.196" level="INFO">No keyword will be run on failure.</msg>
<msg timestamp="20220106 14:37:30.197" level="INFO">No keyword will be run on failure.</msg>
<msg timestamp="20220106 14:37:30.216" level="INFO">Current page contains element '//*[@id="receipt"]'.</msg>
<status status="PASS" starttime="20220106 14:37:30.191" endtime="20220106 14:37:30.217"/>
</kw>
<kw name="Sleep" library="BuiltIn">
<arg>2s</arg>
<doc>Pauses the test executed for the given time.</doc>
<msg timestamp="20220106 14:37:32.234" level="INFO">Slept 2 seconds</msg>
<status status="PASS" starttime="20220106 14:37:30.219" endtime="20220106 14:37:32.235"/>
</kw>
<status status="PASS" starttime="20220106 14:37:30.010" endtime="20220106 14:37:32.238"/>
</kw>
<status status="PASS" starttime="20220106 14:37:28.713" endtime="20220106 14:37:32.240"/>
</kw>
<kw name="Store PDF file">
<var>${pdf}</var>
<arg>${row}[Order number]</arg>
<kw name="Get Element Attribute" library="RPA.Browser.Selenium">
<var>${pdf_file}</var>
<arg>id:receipt</arg>
<arg>outerHTML</arg>
<doc>Returns the value of ``attribute`` from the element ``locator``.</doc>
<msg timestamp="20220106 14:37:32.284" level="INFO">${pdf_file} = &lt;div id="receipt" class="alert alert-success" role="alert"&gt;&lt;h3&gt;Receipt&lt;/h3&gt;&lt;div&gt;2022-01-06T09:07:30.173Z&lt;/div&gt;&lt;p class="badge badge-success"&gt;RSB-ROBO-ORDER-Q6RTDVE9O&lt;/p&gt;&lt;p&gt;Address 456&lt;/p&gt;&lt;div id="part...</msg>
<status status="PASS" starttime="20220106 14:37:32.248" endtime="20220106 14:37:32.285"/>
</kw>
<kw name="Html To Pdf" library="RPA.PDF">
<arg>${pdf_file}</arg>
<arg>e:\\Robot\\Orderobot${/}result${/}Order_${myrow}.pdf</arg>
<doc>Generate a PDF file from HTML content.</doc>
<msg timestamp="20220106 14:37:32.292" level="INFO">Writing output to file E:\Robot\Orderobot\result\Order_2.pdf</msg>
<status status="PASS" starttime="20220106 14:37:32.287" endtime="20220106 14:37:32.667"/>
</kw>
<msg timestamp="20220106 14:37:32.671" level="INFO">${pdf} = e:\Robot\Orderobot\result\Order_2.pdf</msg>
<status status="PASS" starttime="20220106 14:37:32.243" endtime="20220106 14:37:32.671"/>
</kw>
<kw name="Take a screenshot">
<var>${screenshot}</var>
<arg>${row}[Order number]</arg>
<kw name="Capture Element Screenshot" library="RPA.Browser.Selenium">
<arg>//*[@id="robot-preview-image"]</arg>
<arg>e:\\Robot\\Orderobot${/}image${/}Order_${row}.png</arg>
<doc>Captures a screenshot from the element identified by ``locator`` and embeds it into log file.</doc>
<msg timestamp="20220106 14:37:32.879" level="INFO" html="true">&lt;/td&gt;&lt;/tr&gt;&lt;tr&gt;&lt;td colspan="3"&gt;&lt;a href="file:///E:/Robot/Orderobot/image/Order_2.png"&gt;&lt;img src="file:///E:/Robot/Orderobot/image/Order_2.png" width="400px"&gt;&lt;/a&gt;</msg>
<status status="PASS" starttime="20220106 14:37:32.683" endtime="20220106 14:37:32.880"/>
</kw>
<msg timestamp="20220106 14:37:32.884" level="INFO">${screenshot} = e:\Robot\Orderobot\image\Order_2.png</msg>
<status status="PASS" starttime="20220106 14:37:32.673" endtime="20220106 14:37:32.885"/>
</kw>
<kw name="screenshot to the PDF file">
<arg>${row}[Order number]</arg>
<kw name="Create List" library="BuiltIn">
<var>${screenshot}</var>
<arg>e:\\Robot\\Orderobot${/}image${/}Order_${row}.png</arg>
<doc>Returns a list containing given items.</doc>
<msg timestamp="20220106 14:37:32.898" level="INFO">${screenshot} = ['e:\\Robot\\Orderobot\\image\\Order_2.png']</msg>
<status status="PASS" starttime="20220106 14:37:32.892" endtime="20220106 14:37:32.898"/>
</kw>
<kw name="Add Files To Pdf" library="RPA.PDF">
<arg>${screenshot}</arg>
<arg>e:\\Robot\\Orderobot${/}result${/}Order_${row}.pdf</arg>
<arg>True</arg>
<doc>Add images and/or pdfs to new PDF document</doc>
<msg timestamp="20220106 14:37:32.910" level="INFO">Adding page: 0</msg>
<msg timestamp="20220106 14:37:32.911" level="INFO">File e:\Robot\Orderobot\image\Order_2.png type: png</msg>
<msg timestamp="20220106 14:37:32.912" level="INFO">Image parameters: {}</msg>
<status status="PASS" starttime="20220106 14:37:32.901" endtime="20220106 14:37:35.438"/>
</kw>
<status status="PASS" starttime="20220106 14:37:32.887" endtime="20220106 14:37:35.442"/>
</kw>
<kw name="Go to order another robot">
<kw name="Set Local Variable" library="BuiltIn">
<arg>${order_another_robot}</arg>
<arg>//*[@id="order-another"]</arg>
<doc>Makes a variable available everywhere within the local scope.</doc>
<msg timestamp="20220106 14:37:35.471" level="INFO">${order_another_robot} = //*[@id="order-another"]</msg>
<status status="PASS" starttime="20220106 14:37:35.454" endtime="20220106 14:37:35.471"/>
</kw>
<kw name="Click Button" library="RPA.Browser.Selenium">
<arg>${order_another_robot}</arg>
<doc>Clicks the button identified by ``locator``.</doc>
<msg timestamp="20220106 14:37:35.478" level="INFO">Clicking button '//*[@id="order-another"]'.</msg>
<status status="PASS" starttime="20220106 14:37:35.474" endtime="20220106 14:37:36.092"/>
</kw>
<kw name="Sleep" library="BuiltIn">
<arg>1s</arg>
<doc>Pauses the test executed for the given time.</doc>
<msg timestamp="20220106 14:37:37.120" level="INFO">Slept 1 second</msg>
<status status="PASS" starttime="20220106 14:37:36.102" endtime="20220106 14:37:37.122"/>
</kw>
<status status="PASS" starttime="20220106 14:37:35.446" endtime="20220106 14:37:37.128"/>
</kw>
<kw name="annoying model">
<kw name="Set Local Variable" library="BuiltIn">
<arg>${btn_yep}</arg>
<arg>//*[@id="root"]/div/div[2]/div/div/div/div/div/button[2]</arg>
<doc>Makes a variable available everywhere within the local scope.</doc>
<msg timestamp="20220106 14:37:37.146" level="INFO">${btn_yep} = //*[@id="root"]/div/div[2]/div/div/div/div/div/button[2]</msg>
<status status="PASS" starttime="20220106 14:37:37.135" endtime="20220106 14:37:37.147"/>
</kw>
<kw name="Wait And Click Button" library="RPA.Browser.Selenium">
<arg>${btn_yep}</arg>
<doc>Click button identified by ``locator``, once it becomes visible.</doc>
<msg timestamp="20220106 14:37:37.199" level="INFO">Clicking button '//*[@id="root"]/div/div[2]/div/div/div/div/div/button[2]'.</msg>
<status status="PASS" starttime="20220106 14:37:37.150" endtime="20220106 14:37:37.324"/>
</kw>
<status status="PASS" starttime="20220106 14:37:37.130" endtime="20220106 14:37:37.328"/>
</kw>
<status status="PASS" starttime="20220106 14:37:25.262" endtime="20220106 14:37:37.331"/>
</iter>
<iter>
<var name="${row}">{'Order number': '3', 'Head': '6', 'Body': '2', 'Legs': '3', 'Address': 'Address 789'}</var>
<kw name="Fill the form">
<arg>${row}</arg>
<kw name="Set Local Variable" library="BuiltIn">
<arg>${order_no}</arg>
<arg>${myrow}[Order number]</arg>
<doc>Makes a variable available everywhere within the local scope.</doc>
<msg timestamp="20220106 14:37:37.355" level="INFO">${order_no} = 3</msg>
<status status="PASS" starttime="20220106 14:37:37.341" endtime="20220106 14:37:37.356"/>
</kw>
<kw name="Set Local Variable" library="BuiltIn">
<arg>${head}</arg>
<arg>${myrow}[Head]</arg>
<doc>Makes a variable available everywhere within the local scope.</doc>
<msg timestamp="20220106 14:37:37.371" level="INFO">${head} = 6</msg>
<status status="PASS" starttime="20220106 14:37:37.359" endtime="20220106 14:37:37.372"/>
</kw>
<kw name="Set Local Variable" library="BuiltIn">
<arg>${body}</arg>
<arg>${myrow}[Body]</arg>
<doc>Makes a variable available everywhere within the local scope.</doc>
<msg timestamp="20220106 14:37:37.387" level="INFO">${body} = 2</msg>
<status status="PASS" starttime="20220106 14:37:37.375" endtime="20220106 14:37:37.388"/>
</kw>
<kw name="Set Local Variable" library="BuiltIn">
<arg>${legs}</arg>
<arg>${myrow}[Legs]</arg>
<doc>Makes a variable available everywhere within the local scope.</doc>
<msg timestamp="20220106 14:37:37.405" level="INFO">${legs} = 3</msg>
<status status="PASS" starttime="20220106 14:37:37.391" endtime="20220106 14:37:37.406"/>
</kw>
<kw name="Set Local Variable" library="BuiltIn">
<arg>${address}</arg>
<arg>${myrow}[Address]</arg>
<doc>Makes a variable available everywhere within the local scope.</doc>
<msg timestamp="20220106 14:37:37.423" level="INFO">${address} = Address 789</msg>
<status status="PASS" starttime="20220106 14:37:37.408" endtime="20220106 14:37:37.423"/>
</kw>
<kw name="Set Local Variable" library="BuiltIn">
<arg>${input_head}</arg>
<arg>//*[@id="head"]</arg>
<doc>Makes a variable available everywhere within the local scope.</doc>
<msg timestamp="20220106 14:37:37.439" level="INFO">${input_head} = //*[@id="head"]</msg>
<status status="PASS" starttime="20220106 14:37:37.426" endtime="20220106 14:37:37.440"/>
</kw>
<kw name="Set Local Variable" library="BuiltIn">
<arg>${input_body}</arg>
<arg>body</arg>
<doc>Makes a variable available everywhere within the local scope.</doc>
<msg timestamp="20220106 14:37:37.458" level="INFO">${input_body} = body</msg>
<status status="PASS" starttime="20220106 14:37:37.443" endtime="20220106 14:37:37.459"/>
</kw>
<kw name="Set Local Variable" library="BuiltIn">
<arg>${input_legs}</arg>
<arg>xpath://html/body/div/div/div[1]/div/div[1]/form/div[3]/input</arg>
<doc>Makes a variable available everywhere within the local scope.</doc>
<msg timestamp="20220106 14:37:37.474" level="INFO">${input_legs} = xpath://html/body/div/div/div[1]/div/div[1]/form/div[3]/input</msg>
<status status="PASS" starttime="20220106 14:37:37.462" endtime="20220106 14:37:37.475"/>
</kw>
<kw name="Set Local Variable" library="BuiltIn">
<arg>${input_address}</arg>
<arg>//*[@id="address"]</arg>
<doc>Makes a variable available everywhere within the local scope.</doc>
<msg timestamp="20220106 14:37:37.491" level="INFO">${input_address} = //*[@id="address"]</msg>
<status status="PASS" starttime="20220106 14:37:37.478" endtime="20220106 14:37:37.492"/>
</kw>
<kw name="Set Local Variable" library="BuiltIn">
<arg>${preview}</arg>
<arg>//*[@id="preview"]</arg>
<doc>Makes a variable available everywhere within the local scope.</doc>
<msg timestamp="20220106 14:37:37.509" level="INFO">${preview} = //*[@id="preview"]</msg>
<status status="PASS" starttime="20220106 14:37:37.495" endtime="20220106 14:37:37.510"/>
</kw>
<kw name="Set Local Variable" library="BuiltIn">
<arg>${order}</arg>
<arg>//*[@id="order"]</arg>
<doc>Makes a variable available everywhere within the local scope.</doc>
<msg timestamp="20220106 14:37:37.528" level="INFO">${order} = //*[@id="order"]</msg>
<status status="PASS" starttime="20220106 14:37:37.513" endtime="20220106 14:37:37.529"/>
</kw>
<kw name="Wait Until Element Is Visible" library="RPA.Browser.Selenium">
<arg>${input_head}</arg>
<doc>Waits until the element ``locator`` is visible.</doc>
<status status="PASS" starttime="20220106 14:37:37.532" endtime="20220106 14:37:37.579"/>
</kw>
<kw name="Wait Until Element Is Enabled" library="RPA.Browser.Selenium">
<arg>${input_head}</arg>
<doc>Waits until the element ``locator`` is enabled.</doc>
<status status="PASS" starttime="20220106 14:37:37.581" endtime="20220106 14:37:37.627"/>
</kw>
<kw name="Select From List By Value" library="RPA.Browser.Selenium">
<arg>${input_head}</arg>
<arg>${head}</arg>
<doc>Selects options from selection list ``locator`` by ``values``.</doc>
<msg timestamp="20220106 14:37:37.634" level="INFO">Selecting options from selection list '//*[@id="head"]' by value 6.</msg>
<status status="PASS" starttime="20220106 14:37:37.630" endtime="20220106 14:37:37.762"/>
</kw>
<kw name="Wait Until Element Is Enabled" library="RPA.Browser.Selenium">
<arg>${input_body}</arg>
<doc>Waits until the element ``locator`` is enabled.</doc>
<status status="PASS" starttime="20220106 14:37:37.765" endtime="20220106 14:37:37.823"/>
</kw>
<kw name="Select Radio Button" library="RPA.Browser.Selenium">
<arg>${input_body}</arg>
<arg>${body}</arg>
<doc>Sets the radio button group ``group_name`` to ``value``.</doc>
<msg timestamp="20220106 14:37:37.832" level="INFO">Selecting '2' from radio button 'body'.</msg>
<status status="PASS" starttime="20220106 14:37:37.825" endtime="20220106 14:37:37.950"/>
</kw>
<kw name="Wait Until Element Is Enabled" library="RPA.Browser.Selenium">
<arg>${input_legs}</arg>
<doc>Waits until the element ``locator`` is enabled.</doc>
<status status="PASS" starttime="20220106 14:37:37.954" endtime="20220106 14:37:38.017"/>
</kw>
<kw name="Input Text" library="RPA.Browser.Selenium">
<arg>${input_legs}</arg>
<arg>${legs}</arg>
<doc>Types the given ``text`` into the text field identified by ``locator``.</doc>
<msg timestamp="20220106 14:37:38.024" level="INFO">Typing text '3' into text field 'xpath://html/body/div/div/div[1]/div/div[1]/form/div[3]/input'.</msg>
<status status="PASS" starttime="20220106 14:37:38.020" endtime="20220106 14:37:38.171"/>
</kw>
<kw name="Wait Until Element Is Enabled" library="RPA.Browser.Selenium">
<arg>${input_address}</arg>
<doc>Waits until the element ``locator`` is enabled.</doc>
<status status="PASS" starttime="20220106 14:37:38.174" endtime="20220106 14:37:38.225"/>
</kw>
<kw name="Input Text" library="RPA.Browser.Selenium">
<arg>${input_address}</arg>
<arg>${address}</arg>
<doc>Types the given ``text`` into the text field identified by ``locator``.</doc>
<msg timestamp="20220106 14:37:38.234" level="INFO">Typing text 'Address 789' into text field '//*[@id="address"]'.</msg>
<status status="PASS" starttime="20220106 14:37:38.230" endtime="20220106 14:37:38.409"/>
</kw>
<status status="PASS" starttime="20220106 14:37:37.336" endtime="20220106 14:37:38.414"/>
</kw>
<kw name="Wait Until Keyword Succeeds" library="BuiltIn">
<arg>10x</arg>
<arg>1s</arg>
<arg>check the robots</arg>
<doc>Runs the specified keyword and retries if it fails.</doc>
<kw name="check the robots">
<kw name="Set Local Variable" library="BuiltIn">
<arg>${preview}</arg>
<arg>//*[@id="preview"]</arg>
<doc>Makes a variable available everywhere within the local scope.</doc>
<msg timestamp="20220106 14:37:38.443" level="INFO">${preview} = //*[@id="preview"]</msg>
<status status="PASS" starttime="20220106 14:37:38.425" endtime="20220106 14:37:38.444"/>
</kw>
<kw name="Set Local Variable" library="BuiltIn">
<arg>${img_preview}</arg>
<arg>//*[@id="robot-preview-image"]</arg>
<doc>Makes a variable available everywhere within the local scope.</doc>
<msg timestamp="20220106 14:37:38.465" level="INFO">${img_preview} = //*[@id="robot-preview-image"]</msg>
<status status="PASS" starttime="20220106 14:37:38.450" endtime="20220106 14:37:38.465"/>
</kw>
<kw name="Click Button" library="RPA.Browser.Selenium">
<arg>${preview}</arg>
<doc>Clicks the button identified by ``locator``.</doc>
<msg timestamp="20220106 14:37:38.473" level="INFO">Clicking button '//*[@id="preview"]'.</msg>
<status status="PASS" starttime="20220106 14:37:38.468" endtime="20220106 14:37:38.614"/>
</kw>
<kw name="Wait Until Element Is Visible" library="RPA.Browser.Selenium">
<arg>${img_preview}</arg>
<doc>Waits until the element ``locator`` is visible.</doc>
<status status="PASS" starttime="20220106 14:37:38.618" endtime="20220106 14:37:38.678"/>
</kw>
<kw name="Sleep" library="BuiltIn">
<arg>2s</arg>
<doc>Pauses the test executed for the given time.</doc>
<msg timestamp="20220106 14:37:40.700" level="INFO">Slept 2 seconds</msg>
<status status="PASS" starttime="20220106 14:37:38.682" endtime="20220106 14:37:40.702"/>
</kw>
<status status="PASS" starttime="20220106 14:37:38.421" endtime="20220106 14:37:40.709"/>
</kw>
<status status="PASS" starttime="20220106 14:37:38.417" endtime="20220106 14:37:40.713"/>
</kw>
<kw name="Wait Until Keyword Succeeds" library="BuiltIn">
<arg>10x</arg>
<arg>1s</arg>
<arg>Submited</arg>
<doc>Runs the specified keyword and retries if it fails.</doc>
<kw name="Submited">
<kw name="Set Local Variable" library="BuiltIn">
<arg>${order}</arg>
<arg>//*[@id="order"]</arg>
<doc>Makes a variable available everywhere within the local scope.</doc>
<msg timestamp="20220106 14:37:40.744" level="INFO">${order} = //*[@id="order"]</msg>
<status status="PASS" starttime="20220106 14:37:40.733" endtime="20220106 14:37:40.745"/>
</kw>
<kw name="Set Local Variable" library="BuiltIn">
<arg>${receipt}</arg>
<arg>//*[@id="receipt"]</arg>
<doc>Makes a variable available everywhere within the local scope.</doc>
<msg timestamp="20220106 14:37:40.760" level="INFO">${receipt} = //*[@id="receipt"]</msg>
<status status="PASS" starttime="20220106 14:37:40.747" endtime="20220106 14:37:40.761"/>
</kw>
<kw name="Mute Run On Failure" library="RPA.RobotLogListener">
<arg>Page Should Contain Element</arg>
<doc>Set keywords which should not execute `SeleniumLibrary`
default behaviour of running keyword on failure.</doc>
<kw name="Get Library Instance" library="BuiltIn">
<arg>RPA.Browser</arg>
<doc>Returns the currently active instance of the specified test library.</doc>
<msg timestamp="20220106 14:37:40.773" level="FAIL">No library 'RPA.Browser' found.</msg>
<status status="FAIL" starttime="20220106 14:37:40.767" endtime="20220106 14:37:40.774"/>
</kw>
<kw name="Get Library Instance" library="BuiltIn">
<arg>RPA.Browser.Selenium</arg>
<doc>Returns the currently active instance of the specified test library.</doc>
<status status="PASS" starttime="20220106 14:37:40.776" endtime="20220106 14:37:40.779"/>
</kw>
<status status="PASS" starttime="20220106 14:37:40.763" endtime="20220106 14:37:40.782"/>
</kw>
<kw name="Click Button" library="RPA.Browser.Selenium">
<arg>${order}</arg>
<doc>Clicks the button identified by ``locator``.</doc>
<msg timestamp="20220106 14:37:40.787" level="INFO">Clicking button '//*[@id="order"]'.</msg>
<status status="PASS" starttime="20220106 14:37:40.784" endtime="20220106 14:37:40.906"/>
</kw>
<kw name="Page Should Contain Element" library="RPA.Browser.Selenium">
<arg>${receipt}</arg>
<arg>${order}</arg>
<doc>Verifies that element ``locator`` is found on the current page.</doc>
<msg timestamp="20220106 14:37:40.915" level="INFO">No keyword will be run on failure.</msg>
<msg timestamp="20220106 14:37:40.915" level="INFO">No keyword will be run on failure.</msg>
<msg timestamp="20220106 14:37:40.916" level="INFO">No keyword will be run on failure.</msg>
<msg timestamp="20220106 14:37:40.916" level="INFO">No keyword will be run on failure.</msg>
<msg timestamp="20220106 14:37:40.917" level="INFO">No keyword will be run on failure.</msg>
<msg timestamp="20220106 14:37:40.941" level="INFO">Current page contains element '//*[@id="receipt"]'.</msg>
<status status="PASS" starttime="20220106 14:37:40.911" endtime="20220106 14:37:40.942"/>
</kw>
<kw name="Sleep" library="BuiltIn">
<arg>2s</arg>
<doc>Pauses the test executed for the given time.</doc>
<msg timestamp="20220106 14:37:42.952" level="INFO">Slept 2 seconds</msg>
<status status="PASS" starttime="20220106 14:37:40.945" endtime="20220106 14:37:42.953"/>
</kw>
<status status="PASS" starttime="20220106 14:37:40.728" endtime="20220106 14:37:42.959"/>
</kw>
<status status="PASS" starttime="20220106 14:37:40.721" endtime="20220106 14:37:42.963"/>
</kw>
<kw name="Store PDF file">
<var>${pdf}</var>
<arg>${row}[Order number]</arg>
<kw name="Get Element Attribute" library="RPA.Browser.Selenium">
<var>${pdf_file}</var>
<arg>id:receipt</arg>
<arg>outerHTML</arg>
<doc>Returns the value of ``attribute`` from the element ``locator``.</doc>
<msg timestamp="20220106 14:37:43.014" level="INFO">${pdf_file} = &lt;div id="receipt" class="alert alert-success" role="alert"&gt;&lt;h3&gt;Receipt&lt;/h3&gt;&lt;div&gt;2022-01-06T09:07:40.894Z&lt;/div&gt;&lt;p class="badge badge-success"&gt;RSB-ROBO-ORDER-ZVSNE5BNHC&lt;/p&gt;&lt;p&gt;Address 789&lt;/p&gt;&lt;div id="par...</msg>
<status status="PASS" starttime="20220106 14:37:42.979" endtime="20220106 14:37:43.014"/>
</kw>
<kw name="Html To Pdf" library="RPA.PDF">
<arg>${pdf_file}</arg>
<arg>e:\\Robot\\Orderobot${/}result${/}Order_${myrow}.pdf</arg>
<doc>Generate a PDF file from HTML content.</doc>
<msg timestamp="20220106 14:37:43.023" level="INFO">Writing output to file E:\Robot\Orderobot\result\Order_3.pdf</msg>
<status status="PASS" starttime="20220106 14:37:43.017" endtime="20220106 14:37:43.394"/>
</kw>
<msg timestamp="20220106 14:37:43.398" level="INFO">${pdf} = e:\Robot\Orderobot\result\Order_3.pdf</msg>
<status status="PASS" starttime="20220106 14:37:42.969" endtime="20220106 14:37:43.398"/>
</kw>
<kw name="Take a screenshot">
<var>${screenshot}</var>
<arg>${row}[Order number]</arg>
<kw name="Capture Element Screenshot" library="RPA.Browser.Selenium">
<arg>//*[@id="robot-preview-image"]</arg>
<arg>e:\\Robot\\Orderobot${/}image${/}Order_${row}.png</arg>
<doc>Captures a screenshot from the element identified by ``locator`` and embeds it into log file.</doc>
<msg timestamp="20220106 14:37:43.597" level="INFO" html="true">&lt;/td&gt;&lt;/tr&gt;&lt;tr&gt;&lt;td colspan="3"&gt;&lt;a href="file:///E:/Robot/Orderobot/image/Order_3.png"&gt;&lt;img src="file:///E:/Robot/Orderobot/image/Order_3.png" width="400px"&gt;&lt;/a&gt;</msg>
<status status="PASS" starttime="20220106 14:37:43.406" endtime="20220106 14:37:43.597"/>
</kw>
<msg timestamp="20220106 14:37:43.602" level="INFO">${screenshot} = e:\Robot\Orderobot\image\Order_3.png</msg>
<status status="PASS" starttime="20220106 14:37:43.400" endtime="20220106 14:37:43.602"/>
</kw>
<kw name="screenshot to the PDF file">
<arg>${row}[Order number]</arg>
<kw name="Create List" library="BuiltIn">
<var>${screenshot}</var>
<arg>e:\\Robot\\Orderobot${/}image${/}Order_${row}.png</arg>
<doc>Returns a list containing given items.</doc>
<msg timestamp="20220106 14:37:43.615" level="INFO">${screenshot} = ['e:\\Robot\\Orderobot\\image\\Order_3.png']</msg>
<status status="PASS" starttime="20220106 14:37:43.610" endtime="20220106 14:37:43.615"/>
</kw>
<kw name="Add Files To Pdf" library="RPA.PDF">
<arg>${screenshot}</arg>
<arg>e:\\Robot\\Orderobot${/}result${/}Order_${row}.pdf</arg>
<arg>True</arg>
<doc>Add images and/or pdfs to new PDF document</doc>
<msg timestamp="20220106 14:37:43.628" level="INFO">Adding page: 0</msg>
<msg timestamp="20220106 14:37:43.629" level="INFO">File e:\Robot\Orderobot\image\Order_3.png type: png</msg>
<msg timestamp="20220106 14:37:43.629" level="INFO">Image parameters: {}</msg>
<status status="PASS" starttime="20220106 14:37:43.618" endtime="20220106 14:37:46.592"/>
</kw>
<status status="PASS" starttime="20220106 14:37:43.604" endtime="20220106 14:37:46.595"/>
</kw>
<kw name="Go to order another robot">
<kw name="Set Local Variable" library="BuiltIn">
<arg>${order_another_robot}</arg>
<arg>//*[@id="order-another"]</arg>
<doc>Makes a variable available everywhere within the local scope.</doc>
<msg timestamp="20220106 14:37:46.615" level="INFO">${order_another_robot} = //*[@id="order-another"]</msg>
<status status="PASS" starttime="20220106 14:37:46.602" endtime="20220106 14:37:46.616"/>
</kw>
<kw name="Click Button" library="RPA.Browser.Selenium">
<arg>${order_another_robot}</arg>
<doc>Clicks the button identified by ``locator``.</doc>
<msg timestamp="20220106 14:37:46.627" level="INFO">Clicking button '//*[@id="order-another"]'.</msg>
<status status="PASS" starttime="20220106 14:37:46.621" endtime="20220106 14:37:47.228"/>
</kw>
<kw name="Sleep" library="BuiltIn">
<arg>1s</arg>
<doc>Pauses the test executed for the given time.</doc>
<msg timestamp="20220106 14:37:48.250" level="INFO">Slept 1 second</msg>
<status status="PASS" starttime="20220106 14:37:47.237" endtime="20220106 14:37:48.252"/>
</kw>
<status status="PASS" starttime="20220106 14:37:46.598" endtime="20220106 14:37:48.258"/>
</kw>
<kw name="annoying model">
<kw name="Set Local Variable" library="BuiltIn">
<arg>${btn_yep}</arg>
<arg>//*[@id="root"]/div/div[2]/div/div/div/div/div/button[2]</arg>
<doc>Makes a variable available everywhere within the local scope.</doc>
<msg timestamp="20220106 14:37:48.291" level="INFO">${btn_yep} = //*[@id="root"]/div/div[2]/div/div/div/div/div/button[2]</msg>
<status status="PASS" starttime="20220106 14:37:48.272" endtime="20220106 14:37:48.292"/>
</kw>
<kw name="Wait And Click Button" library="RPA.Browser.Selenium">
<arg>${btn_yep}</arg>
<doc>Click button identified by ``locator``, once it becomes visible.</doc>
<msg timestamp="20220106 14:37:48.339" level="INFO">Clicking button '//*[@id="root"]/div/div[2]/div/div/div/div/div/button[2]'.</msg>
<status status="PASS" starttime="20220106 14:37:48.294" endtime="20220106 14:37:48.451"/>
</kw>
<status status="PASS" starttime="20220106 14:37:48.263" endtime="20220106 14:37:48.453"/>
</kw>
<status status="PASS" starttime="20220106 14:37:37.333" endtime="20220106 14:37:48.455"/>
</iter>
<iter>
<var name="${row}">{'Order number': '4', 'Head': '2', 'Body': '3', 'Legs': '2', 'Address': 'Address 1'}</var>
<kw name="Fill the form">
<arg>${row}</arg>
<kw name="Set Local Variable" library="BuiltIn">
<arg>${order_no}</arg>
<arg>${myrow}[Order number]</arg>
<doc>Makes a variable available everywhere within the local scope.</doc>
<msg timestamp="20220106 14:37:48.479" level="INFO">${order_no} = 4</msg>
<status status="PASS" starttime="20220106 14:37:48.467" endtime="20220106 14:37:48.480"/>
</kw>
<kw name="Set Local Variable" library="BuiltIn">
<arg>${head}</arg>
<arg>${myrow}[Head]</arg>
<doc>Makes a variable available everywhere within the local scope.</doc>
<msg timestamp="20220106 14:37:48.495" level="INFO">${head} = 2</msg>
<status status="PASS" starttime="20220106 14:37:48.483" endtime="20220106 14:37:48.495"/>
</kw>
<kw name="Set Local Variable" library="BuiltIn">
<arg>${body}</arg>
<arg>${myrow}[Body]</arg>
<doc>Makes a variable available everywhere within the local scope.</doc>
<msg timestamp="20220106 14:37:48.512" level="INFO">${body} = 3</msg>
<status status="PASS" starttime="20220106 14:37:48.498" endtime="20220106 14:37:48.512"/>
</kw>
<kw name="Set Local Variable" library="BuiltIn">
<arg>${legs}</arg>
<arg>${myrow}[Legs]</arg>
<doc>Makes a variable available everywhere within the local scope.</doc>
<msg timestamp="20220106 14:37:48.528" level="INFO">${legs} = 2</msg>
<status status="PASS" starttime="20220106 14:37:48.515" endtime="20220106 14:37:48.529"/>
</kw>
<kw name="Set Local Variable" library="BuiltIn">
<arg>${address}</arg>
<arg>${myrow}[Address]</arg>
<doc>Makes a variable available everywhere within the local scope.</doc>
<msg timestamp="20220106 14:37:48.544" level="INFO">${address} = Address 1</msg>
<status status="PASS" starttime="20220106 14:37:48.531" endtime="20220106 14:37:48.545"/>
</kw>
<kw name="Set Local Variable" library="BuiltIn">
<arg>${input_head}</arg>
<arg>//*[@id="head"]</arg>
<doc>Makes a variable available everywhere within the local scope.</doc>
<msg timestamp="20220106 14:37:48.560" level="INFO">${input_head} = //*[@id="head"]</msg>
<status status="PASS" starttime="20220106 14:37:48.548" endtime="20220106 14:37:48.561"/>
</kw>
<kw name="Set Local Variable" library="BuiltIn">
<arg>${input_body}</arg>
<arg>body</arg>
<doc>Makes a variable available everywhere within the local scope.</doc>
<msg timestamp="20220106 14:37:48.576" level="INFO">${input_body} = body</msg>
<status status="PASS" starttime="20220106 14:37:48.563" endtime="20220106 14:37:48.577"/>
</kw>
<kw name="Set Local Variable" library="BuiltIn">
<arg>${input_legs}</arg>
<arg>xpath://html/body/div/div/div[1]/div/div[1]/form/div[3]/input</arg>
<doc>Makes a variable available everywhere within the local scope.</doc>
<msg timestamp="20220106 14:37:48.592" level="INFO">${input_legs} = xpath://html/body/div/div/div[1]/div/div[1]/form/div[3]/input</msg>
<status status="PASS" starttime="20220106 14:37:48.579" endtime="20220106 14:37:48.593"/>
</kw>
<kw name="Set Local Variable" library="BuiltIn">
<arg>${input_address}</arg>
<arg>//*[@id="address"]</arg>
<doc>Makes a variable available everywhere within the local scope.</doc>
<msg timestamp="20220106 14:37:48.609" level="INFO">${input_address} = //*[@id="address"]</msg>
<status status="PASS" starttime="20220106 14:37:48.596" endtime="20220106 14:37:48.609"/>
</kw>
<kw name="Set Local Variable" library="BuiltIn">
<arg>${preview}</arg>
<arg>//*[@id="preview"]</arg>
<doc>Makes a variable available everywhere within the local scope.</doc>
<msg timestamp="20220106 14:37:48.626" level="INFO">${preview} = //*[@id="preview"]</msg>
<status status="PASS" starttime="20220106 14:37:48.612" endtime="20220106 14:37:48.626"/>
</kw>
<kw name="Set Local Variable" library="BuiltIn">
<arg>${order}</arg>
<arg>//*[@id="order"]</arg>
<doc>Makes a variable available everywhere within the local scope.</doc>
<msg timestamp="20220106 14:37:48.644" level="INFO">${order} = //*[@id="order"]</msg>
<status status="PASS" starttime="20220106 14:37:48.629" endtime="20220106 14:37:48.645"/>
</kw>
<kw name="Wait Until Element Is Visible" library="RPA.Browser.Selenium">
<arg>${input_head}</arg>
<doc>Waits until the element ``locator`` is visible.</doc>
<status status="PASS" starttime="20220106 14:37:48.647" endtime="20220106 14:37:48.694"/>
</kw>
<kw name="Wait Until Element Is Enabled" library="RPA.Browser.Selenium">
<arg>${input_head}</arg>
<doc>Waits until the element ``locator`` is enabled.</doc>
<status status="PASS" starttime="20220106 14:37:48.697" endtime="20220106 14:37:48.744"/>
</kw>
<kw name="Select From List By Value" library="RPA.Browser.Selenium">
<arg>${input_head}</arg>
<arg>${head}</arg>
<doc>Selects options from selection list ``locator`` by ``values``.</doc>
<msg timestamp="20220106 14:37:48.750" level="INFO">Selecting options from selection list '//*[@id="head"]' by value 2.</msg>
<status status="PASS" starttime="20220106 14:37:48.746" endtime="20220106 14:37:48.875"/>
</kw>
<kw name="Wait Until Element Is Enabled" library="RPA.Browser.Selenium">
<arg>${input_body}</arg>
<doc>Waits until the element ``locator`` is enabled.</doc>
<status status="PASS" starttime="20220106 14:37:48.878" endtime="20220106 14:37:48.937"/>
</kw>
<kw name="Select Radio Button" library="RPA.Browser.Selenium">
<arg>${input_body}</arg>
<arg>${body}</arg>
<doc>Sets the radio button group ``group_name`` to ``value``.</doc>
<msg timestamp="20220106 14:37:48.944" level="INFO">Selecting '3' from radio button 'body'.</msg>
<status status="PASS" starttime="20220106 14:37:48.939" endtime="20220106 14:37:49.056"/>
</kw>
<kw name="Wait Until Element Is Enabled" library="RPA.Browser.Selenium">
<arg>${input_legs}</arg>
<doc>Waits until the element ``locator`` is enabled.</doc>
<status status="PASS" starttime="20220106 14:37:49.060" endtime="20220106 14:37:49.118"/>
</kw>
<kw name="Input Text" library="RPA.Browser.Selenium">
<arg>${input_legs}</arg>
<arg>${legs}</arg>
<doc>Types the given ``text`` into the text field identified by ``locator``.</doc>
<msg timestamp="20220106 14:37:49.126" level="INFO">Typing text '2' into text field 'xpath://html/body/div/div/div[1]/div/div[1]/form/div[3]/input'.</msg>
<status status="PASS" starttime="20220106 14:37:49.121" endtime="20220106 14:37:49.277"/>
</kw>
<kw name="Wait Until Element Is Enabled" library="RPA.Browser.Selenium">
<arg>${input_address}</arg>
<doc>Waits until the element ``locator`` is enabled.</doc>
<status status="PASS" starttime="20220106 14:37:49.282" endtime="20220106 14:37:49.340"/>
</kw>
<kw name="Input Text" library="RPA.Browser.Selenium">
<arg>${input_address}</arg>
<arg>${address}</arg>
<doc>Types the given ``text`` into the text field identified by ``locator``.</doc>
<msg timestamp="20220106 14:37:49.349" level="INFO">Typing text 'Address 1' into text field '//*[@id="address"]'.</msg>
<status status="PASS" starttime="20220106 14:37:49.343" endtime="20220106 14:37:49.519"/>
</kw>
<status status="PASS" starttime="20220106 14:37:48.462" endtime="20220106 14:37:49.522"/>
</kw>
<kw name="Wait Until Keyword Succeeds" library="BuiltIn">
<arg>10x</arg>
<arg>1s</arg>
<arg>check the robots</arg>
<doc>Runs the specified keyword and retries if it fails.</doc>
<kw name="check the robots">
<kw name="Set Local Variable" library="BuiltIn">
<arg>${preview}</arg>
<arg>//*[@id="preview"]</arg>
<doc>Makes a variable available everywhere within the local scope.</doc>
<msg timestamp="20220106 14:37:49.550" level="INFO">${preview} = //*[@id="preview"]</msg>
<status status="PASS" starttime="20220106 14:37:49.535" endtime="20220106 14:37:49.551"/>
</kw>
<kw name="Set Local Variable" library="BuiltIn">
<arg>${img_preview}</arg>
<arg>//*[@id="robot-preview-image"]</arg>
<doc>Makes a variable available everywhere within the local scope.</doc>
<msg timestamp="20220106 14:37:49.569" level="INFO">${img_preview} = //*[@id="robot-preview-image"]</msg>
<status status="PASS" starttime="20220106 14:37:49.554" endtime="20220106 14:37:49.569"/>
</kw>
<kw name="Click Button" library="RPA.Browser.Selenium">
<arg>${preview}</arg>
<doc>Clicks the button identified by ``locator``.</doc>
<msg timestamp="20220106 14:37:49.576" level="INFO">Clicking button '//*[@id="preview"]'.</msg>
<status status="PASS" starttime="20220106 14:37:49.572" endtime="20220106 14:37:49.703"/>
</kw>
<kw name="Wait Until Element Is Visible" library="RPA.Browser.Selenium">
<arg>${img_preview}</arg>
<doc>Waits until the element ``locator`` is visible.</doc>
<status status="PASS" starttime="20220106 14:37:49.708" endtime="20220106 14:37:49.755"/>
</kw>
<kw name="Sleep" library="BuiltIn">
<arg>2s</arg>
<doc>Pauses the test executed for the given time.</doc>
<msg timestamp="20220106 14:37:51.776" level="INFO">Slept 2 seconds</msg>
<status status="PASS" starttime="20220106 14:37:49.757" endtime="20220106 14:37:51.777"/>
</kw>
<status status="PASS" starttime="20220106 14:37:49.531" endtime="20220106 14:37:51.783"/>
</kw>
<status status="PASS" starttime="20220106 14:37:49.525" endtime="20220106 14:37:51.788"/>
</kw>
<kw name="Wait Until Keyword Succeeds" library="BuiltIn">
<arg>10x</arg>
<arg>1s</arg>
<arg>Submited</arg>
<doc>Runs the specified keyword and retries if it fails.</doc>
<kw name="Submited">
<kw name="Set Local Variable" library="BuiltIn">
<arg>${order}</arg>
<arg>//*[@id="order"]</arg>
<doc>Makes a variable available everywhere within the local scope.</doc>
<msg timestamp="20220106 14:37:51.817" level="INFO">${order} = //*[@id="order"]</msg>
<status status="PASS" starttime="20220106 14:37:51.804" endtime="20220106 14:37:51.818"/>
</kw>
<kw name="Set Local Variable" library="BuiltIn">
<arg>${receipt}</arg>
<arg>//*[@id="receipt"]</arg>
<doc>Makes a variable available everywhere within the local scope.</doc>
<msg timestamp="20220106 14:37:51.835" level="INFO">${receipt} = //*[@id="receipt"]</msg>
<status status="PASS" starttime="20220106 14:37:51.821" endtime="20220106 14:37:51.836"/>
</kw>
<kw name="Mute Run On Failure" library="RPA.RobotLogListener">
<arg>Page Should Contain Element</arg>
<doc>Set keywords which should not execute `SeleniumLibrary`
default behaviour of running keyword on failure.</doc>
<kw name="Get Library Instance" library="BuiltIn">
<arg>RPA.Browser</arg>
<doc>Returns the currently active instance of the specified test library.</doc>
<msg timestamp="20220106 14:37:51.849" level="FAIL">No library 'RPA.Browser' found.</msg>
<status status="FAIL" starttime="20220106 14:37:51.843" endtime="20220106 14:37:51.850"/>
</kw>
<kw name="Get Library Instance" library="BuiltIn">
<arg>RPA.Browser.Selenium</arg>
<doc>Returns the currently active instance of the specified test library.</doc>
<status status="PASS" starttime="20220106 14:37:51.853" endtime="20220106 14:37:51.856"/>
</kw>
<status status="PASS" starttime="20220106 14:37:51.838" endtime="20220106 14:37:51.858"/>
</kw>
<kw name="Click Button" library="RPA.Browser.Selenium">
<arg>${order}</arg>
<doc>Clicks the button identified by ``locator``.</doc>
<msg timestamp="20220106 14:37:51.864" level="INFO">Clicking button '//*[@id="order"]'.</msg>
<status status="PASS" starttime="20220106 14:37:51.860" endtime="20220106 14:37:51.976"/>
</kw>
<kw name="Page Should Contain Element" library="RPA.Browser.Selenium">
<arg>${receipt}</arg>
<arg>${order}</arg>
<doc>Verifies that element ``locator`` is found on the current page.</doc>
<msg timestamp="20220106 14:37:51.985" level="INFO">No keyword will be run on failure.</msg>
<msg timestamp="20220106 14:37:51.985" level="INFO">No keyword will be run on failure.</msg>
<msg timestamp="20220106 14:37:51.985" level="INFO">No keyword will be run on failure.</msg>
<msg timestamp="20220106 14:37:51.986" level="INFO">No keyword will be run on failure.</msg>
<msg timestamp="20220106 14:37:51.986" level="INFO">No keyword will be run on failure.</msg>
<msg timestamp="20220106 14:37:51.987" level="INFO">No keyword will be run on failure.</msg>
[...]
<status status="PASS" starttime="20220106 14:40:58.543" endtime="20220106 14:40:58.609"/>
</kw>
<kw name="Sleep" library="BuiltIn">
<arg>2s</arg>
<doc>Pauses the test executed for the given time.</doc>
<msg timestamp="20220106 14:41:00.622" level="INFO">Slept 2 seconds</msg>
<status status="PASS" starttime="20220106 14:40:58.612" endtime="20220106 14:41:00.625"/>
</kw>
<status status="PASS" starttime="20220106 14:40:58.344" endtime="20220106 14:41:00.631"/>
</kw>
<status status="PASS" starttime="20220106 14:40:58.338" endtime="20220106 14:41:00.644"/>
</kw>
<kw name="Wait Until Keyword Succeeds" library="BuiltIn">
<arg>10x</arg>
<arg>1s</arg>
<arg>Submited</arg>
<doc>Runs the specified keyword and retries if it fails.</doc>
<kw name="Submited">
<kw name="Set Local Variable" library="BuiltIn">
<arg>${order}</arg>
<arg>//*[@id="order"]</arg>
<doc>Makes a variable available everywhere within the local scope.</doc>
<msg timestamp="20220106 14:41:00.706" level="INFO">${order} = //*[@id="order"]</msg>
<status status="PASS" starttime="20220106 14:41:00.675" endtime="20220106 14:41:00.707"/>
</kw>
<kw name="Set Local Variable" library="BuiltIn">
<arg>${receipt}</arg>
<arg>//*[@id="receipt"]</arg>
<doc>Makes a variable available everywhere within the local scope.</doc>
<msg timestamp="20220106 14:41:00.740" level="INFO">${receipt} = //*[@id="receipt"]</msg>
<status status="PASS" starttime="20220106 14:41:00.718" endtime="20220106 14:41:00.741"/>
</kw>
<kw name="Mute Run On Failure" library="RPA.RobotLogListener">
<arg>Page Should Contain Element</arg>
<doc>Set keywords which should not execute `SeleniumLibrary`
default behaviour of running keyword on failure.</doc>
<kw name="Get Library Instance" library="BuiltIn">
<arg>RPA.Browser</arg>
<doc>Returns the currently active instance of the specified test library.</doc>
<msg timestamp="20220106 14:41:00.769" level="FAIL">No library 'RPA.Browser' found.</msg>
<status status="FAIL" starttime="20220106 14:41:00.755" endtime="20220106 14:41:00.770"/>
</kw>
<kw name="Get Library Instance" library="BuiltIn">
<arg>RPA.Browser.Selenium</arg>
<doc>Returns the currently active instance of the specified test library.</doc>
<status status="PASS" starttime="20220106 14:41:00.775" endtime="20220106 14:41:00.786"/>
</kw>
<status status="PASS" starttime="20220106 14:41:00.747" endtime="20220106 14:41:00.788"/>
</kw>
<kw name="Click Button" library="RPA.Browser.Selenium">
<arg>${order}</arg>
<doc>Clicks the button identified by ``locator``.</doc>
<msg timestamp="20220106 14:41:00.797" level="INFO">Clicking button '//*[@id="order"]'.</msg>
<status status="PASS" starttime="20220106 14:41:00.792" endtime="20220106 14:41:00.932"/>
</kw>
<kw name="Page Should Contain Element" library="RPA.Browser.Selenium">
<arg>${receipt}</arg>
<arg>${order}</arg>
<doc>Verifies that element ``locator`` is found on the current page.</doc>
<msg timestamp="20220106 14:41:00.943" level="INFO">No keyword will be run on failure.</msg>
<msg timestamp="20220106 14:41:00.944" level="INFO">No keyword will be run on failure.</msg>
<msg timestamp="20220106 14:41:00.944" level="INFO">No keyword will be run on failure.</msg>
<msg timestamp="20220106 14:41:00.944" level="INFO">No keyword will be run on failure.</msg>
<msg timestamp="20220106 14:41:00.945" level="INFO">No keyword will be run on failure.</msg>
<msg timestamp="20220106 14:41:00.945" level="INFO">No keyword will be run on failure.</msg>
<msg timestamp="20220106 14:41:00.946" level="INFO">No keyword will be run on failure.</msg>
<msg timestamp="20220106 14:41:00.946" level="INFO">No keyword will be run on failure.</msg>
<msg timestamp="20220106 14:41:00.947" level="INFO">No keyword will be run on failure.</msg>
<msg timestamp="20220106 14:41:00.947" level="INFO">No keyword will be run on failure.</msg>
<msg timestamp="20220106 14:41:00.948" level="INFO">No keyword will be run on failure.</msg>
<msg timestamp="20220106 14:41:00.948" level="INFO">No keyword will be run on failure.</msg>
<msg timestamp="20220106 14:41:00.949" level="INFO">No keyword will be run on failure.</msg>
<msg timestamp="20220106 14:41:00.949" level="INFO">No keyword will be run on failure.</msg>
<msg timestamp="20220106 14:41:00.950" level="INFO">No keyword will be run on failure.</msg>
<msg timestamp="20220106 14:41:00.950" level="INFO">No keyword will be run on failure.</msg>
<msg timestamp="20220106 14:41:00.951" level="INFO">No keyword will be run on failure.</msg>
<msg timestamp="20220106 14:41:00.951" level="INFO">No keyword will be run on failure.</msg>
<msg timestamp="20220106 14:41:00.952" level="INFO">No keyword will be run on failure.</msg>
<msg timestamp="20220106 14:41:00.952" level="INFO">No keyword will be run on failure.</msg>
<msg timestamp="20220106 14:41:00.953" level="INFO">No keyword will be run on failure.</msg>
<msg timestamp="20220106 14:41:00.953" level="INFO">No keyword will be run on failure.</msg>
<msg timestamp="20220106 14:41:00.954" level="INFO">No keyword will be run on failure.</msg>
<msg timestamp="20220106 14:41:00.954" level="INFO">No keyword will be run on failure.</msg>
<msg timestamp="20220106 14:41:00.954" level="INFO">No keyword will be run on failure.</msg>
<msg timestamp="20220106 14:41:00.955" level="INFO">No keyword will be run on failure.</msg>
<msg timestamp="20220106 14:41:00.955" level="INFO">No keyword will be run on failure.</msg>
<msg timestamp="20220106 14:41:00.956" level="INFO">No keyword will be run on failure.</msg>
<msg timestamp="20220106 14:41:00.979" level="INFO">Current page contains element '//*[@id="receipt"]'.</msg>
<status status="PASS" starttime="20220106 14:41:00.939" endtime="20220106 14:41:00.980"/>
</kw>
<kw name="Sleep" library="BuiltIn">
<arg>2s</arg>
<doc>Pauses the test executed for the given time.</doc>
<msg timestamp="20220106 14:41:02.994" level="INFO">Slept 2 seconds</msg>
<status status="PASS" starttime="20220106 14:41:00.985" endtime="20220106 14:41:02.996"/>
</kw>
<status status="PASS" starttime="20220106 14:41:00.660" endtime="20220106 14:41:03.003"/>
</kw>
<status status="PASS" starttime="20220106 14:41:00.648" endtime="20220106 14:41:03.008"/>
</kw>
<kw name="Store PDF file">
<var>${pdf}</var>
<arg>${row}[Order number]</arg>
<kw name="Get Element Attribute" library="RPA.Browser.Selenium">
<var>${pdf_file}</var>
<arg>id:receipt</arg>
<arg>outerHTML</arg>
<doc>Returns the value of ``attribute`` from the element ``locator``.</doc>
<msg timestamp="20220106 14:41:03.089" level="INFO">${pdf_file} = &lt;div id="receipt" class="alert alert-success" role="alert"&gt;&lt;h3&gt;Receipt&lt;/h3&gt;&lt;div&gt;2022-01-06T09:11:00.919Z&lt;/div&gt;&lt;p class="badge badge-success"&gt;RSB-ROBO-ORDER-Q5XD2OGN31&lt;/p&gt;&lt;p&gt;Address H&lt;/p&gt;&lt;div id="parts...</msg>
<status status="PASS" starttime="20220106 14:41:03.031" endtime="20220106 14:41:03.090"/>
</kw>
<kw name="Html To Pdf" library="RPA.PDF">
<arg>${pdf_file}</arg>
<arg>e:\\Robot\\Orderobot${/}result${/}Order_${myrow}.pdf</arg>
<doc>Generate a PDF file from HTML content.</doc>
<msg timestamp="20220106 14:41:03.100" level="INFO">Writing output to file E:\Robot\Orderobot\result\Order_20.pdf</msg>
<status status="PASS" starttime="20220106 14:41:03.093" endtime="20220106 14:41:03.509"/>
</kw>
<msg timestamp="20220106 14:41:03.521" level="INFO">${pdf} = e:\Robot\Orderobot\result\Order_20.pdf</msg>
<status status="PASS" starttime="20220106 14:41:03.016" endtime="20220106 14:41:03.522"/>
</kw>
<kw name="Take a screenshot">
<var>${screenshot}</var>
<arg>${row}[Order number]</arg>
<kw name="Capture Element Screenshot" library="RPA.Browser.Selenium">
<arg>//*[@id="robot-preview-image"]</arg>
<arg>e:\\Robot\\Orderobot${/}image${/}Order_${row}.png</arg>
<doc>Captures a screenshot from the element identified by ``locator`` and embeds it into log file.</doc>
<msg timestamp="20220106 14:41:03.752" level="INFO" html="true">&lt;/td&gt;&lt;/tr&gt;&lt;tr&gt;&lt;td colspan="3"&gt;&lt;a href="file:///E:/Robot/Orderobot/image/Order_20.png"&gt;&lt;img src="file:///E:/Robot/Orderobot/image/Order_20.png" width="400px"&gt;&lt;/a&gt;</msg>
<status status="PASS" starttime="20220106 14:41:03.530" endtime="20220106 14:41:03.753"/>
</kw>
<msg timestamp="20220106 14:41:03.758" level="INFO">${screenshot} = e:\Robot\Orderobot\image\Order_20.png</msg>
<status status="PASS" starttime="20220106 14:41:03.524" endtime="20220106 14:41:03.758"/>
</kw>
<kw name="screenshot to the PDF file">
<arg>${row}[Order number]</arg>
<kw name="Create List" library="BuiltIn">
<var>${screenshot}</var>
<arg>e:\\Robot\\Orderobot${/}image${/}Order_${row}.png</arg>
<doc>Returns a list containing given items.</doc>
<msg timestamp="20220106 14:41:03.779" level="INFO">${screenshot} = ['e:\\Robot\\Orderobot\\image\\Order_20.png']</msg>
<status status="PASS" starttime="20220106 14:41:03.771" endtime="20220106 14:41:03.780"/>
</kw>
<kw name="Add Files To Pdf" library="RPA.PDF">
<arg>${screenshot}</arg>
<arg>e:\\Robot\\Orderobot${/}result${/}Order_${row}.pdf</arg>
<arg>True</arg>
<doc>Add images and/or pdfs to new PDF document</doc>
<msg timestamp="20220106 14:41:03.798" level="INFO">Adding page: 0</msg>
<msg timestamp="20220106 14:41:03.802" level="INFO">File e:\Robot\Orderobot\image\Order_20.png type: png</msg>
<msg timestamp="20220106 14:41:03.802" level="INFO">Image parameters: {}</msg>
<status status="PASS" starttime="20220106 14:41:03.786" endtime="20220106 14:41:06.629"/>
</kw>
<status status="PASS" starttime="20220106 14:41:03.761" endtime="20220106 14:41:06.640"/>
</kw>
<kw name="Go to order another robot">
<kw name="Set Local Variable" library="BuiltIn">
<arg>${order_another_robot}</arg>
<arg>//*[@id="order-another"]</arg>
<doc>Makes a variable available everywhere within the local scope.</doc>
<msg timestamp="20220106 14:41:06.675" level="INFO">${order_another_robot} = //*[@id="order-another"]</msg>
<status status="PASS" starttime="20220106 14:41:06.657" endtime="20220106 14:41:06.676"/>
</kw>
<kw name="Click Button" library="RPA.Browser.Selenium">
<arg>${order_another_robot}</arg>
<doc>Clicks the button identified by ``locator``.</doc>
<msg timestamp="20220106 14:41:06.685" level="INFO">Clicking button '//*[@id="order-another"]'.</msg>
<status status="PASS" starttime="20220106 14:41:06.678" endtime="20220106 14:41:07.367"/>
</kw>
<kw name="Sleep" library="BuiltIn">
<arg>1s</arg>
<doc>Pauses the test executed for the given time.</doc>
<msg timestamp="20220106 14:41:08.390" level="INFO">Slept 1 second</msg>
<status status="PASS" starttime="20220106 14:41:07.371" endtime="20220106 14:41:08.391"/>
</kw>
<status status="PASS" starttime="20220106 14:41:06.645" endtime="20220106 14:41:08.394"/>
</kw>
<kw name="annoying model">
<kw name="Set Local Variable" library="BuiltIn">
<arg>${btn_yep}</arg>
<arg>//*[@id="root"]/div/div[2]/div/div/div/div/div/button[2]</arg>
<doc>Makes a variable available everywhere within the local scope.</doc>
<msg timestamp="20220106 14:41:08.418" level="INFO">${btn_yep} = //*[@id="root"]/div/div[2]/div/div/div/div/div/button[2]</msg>
<status status="PASS" starttime="20220106 14:41:08.402" endtime="20220106 14:41:08.419"/>
</kw>
<kw name="Wait And Click Button" library="RPA.Browser.Selenium">
<arg>${btn_yep}</arg>
<doc>Click button identified by ``locator``, once it becomes visible.</doc>
<msg timestamp="20220106 14:41:08.471" level="INFO">Clicking button '//*[@id="root"]/div/div[2]/div/div/div/div/div/button[2]'.</msg>
<status status="PASS" starttime="20220106 14:41:08.422" endtime="20220106 14:41:08.589"/>
</kw>
<status status="PASS" starttime="20220106 14:41:08.397" endtime="20220106 14:41:08.591"/>
</kw>
<status status="PASS" starttime="20220106 14:40:57.182" endtime="20220106 14:41:08.594"/>
</iter>
<status status="PASS" starttime="20220106 14:37:11.382" endtime="20220106 14:41:08.596"/>
</for>
<kw name="Create a ZIP file">
<kw name="Archive Folder With Zip" library="RPA.Archive">
<arg>${PDFFolder}</arg>
<arg>${zip_file}</arg>
<arg>recursive=True</arg>
<arg>include=*.pdf</arg>
<doc>Create a zip archive of a folder</doc>
<status status="PASS" starttime="20220106 14:41:08.606" endtime="20220106 14:41:08.691"/>
</kw>
<status status="PASS" starttime="20220106 14:41:08.601" endtime="20220106 14:41:08.695"/>
</kw>
<kw name="Log out browser">
<kw name="Close Browser" library="RPA.Browser.Selenium">
<doc>Closes the current browser.</doc>
<status status="PASS" starttime="20220106 14:41:08.707" endtime="20220106 14:41:11.046"/>
</kw>
<kw name="Sleep" library="BuiltIn">
<arg>1s</arg>
<doc>Pauses the test executed for the given time.</doc>
<msg timestamp="20220106 14:41:12.069" level="INFO">Slept 1 second</msg>
<status status="PASS" starttime="20220106 14:41:11.054" endtime="20220106 14:41:12.071"/>
</kw>
<status status="PASS" starttime="20220106 14:41:08.698" endtime="20220106 14:41:12.074"/>
</kw>
<kw name="Display the success dialog">
<kw name="Add icon" library="RPA.Dialogs">
<arg>Success</arg>
<doc>Add an icon element</doc>
<status status="PASS" starttime="20220106 14:41:12.086" endtime="20220106 14:41:12.091"/>
</kw>
<kw name="Add heading" library="RPA.Dialogs">
<arg>Your orders have been processed</arg>
<doc>Add a centered heading text element</doc>
<status status="PASS" starttime="20220106 14:41:12.094" endtime="20220106 14:41:12.101"/>
</kw>
<kw name="Add files" library="RPA.Dialogs">
<arg>all orders have been processed.</arg>
<doc>Add multiple file elements according to the given file pattern</doc>
<status status="PASS" starttime="20220106 14:41:12.106" endtime="20220106 14:41:12.110"/>
</kw>
<kw name="Run dialog" library="RPA.Dialogs">
<arg>title=Success</arg>
<tag>dialog</tag>
<doc>Create a dialog from all the defined elements and block
until the user has handled it.</doc>
<msg timestamp="20220106 14:41:12.117" level="INFO">Protecting keyword: RPA.Dialogs.Run dialog</msg>
<msg timestamp="20220106 14:41:37.242" level="INFO">Log level changed from NONE to INFO.</msg>
<status status="PASS" starttime="20220106 14:41:12.113" endtime="20220106 14:41:37.239"/>
</kw>
<kw name="Close Browser" library="RPA.Browser.Selenium">
<doc>Closes the current browser.</doc>
<status status="PASS" starttime="20220106 14:41:37.244" endtime="20220106 14:41:37.249"/>
</kw>
<status status="PASS" starttime="20220106 14:41:12.078" endtime="20220106 14:41:37.251"/>
</kw>
<kw name="Get The User Name">
<kw name="Add heading" library="RPA.Dialogs">
<arg>i am your future</arg>
<doc>Add a centered heading text element</doc>
<status status="PASS" starttime="20220106 14:41:37.260" endtime="20220106 14:41:37.267"/>
</kw>
<kw name="Add text input" library="RPA.Dialogs">
<arg>myway</arg>
<arg>label= tell me about something?</arg>
<arg>placeholder= user give some input</arg>
<tag>input</tag>
<doc>Add a text input element</doc>
<status status="PASS" starttime="20220106 14:41:37.273" endtime="20220106 14:41:37.279"/>
</kw>
<kw name="Run dialog" library="RPA.Dialogs">
<var>${myarray}</var>
<tag>dialog</tag>
<doc>Create a dialog from all the defined elements and block
until the user has handled it.</doc>
<msg timestamp="20220106 14:41:37.285" level="INFO">Protecting keyword: RPA.Dialogs.Run dialog</msg>
<msg timestamp="20220106 14:41:59.012" level="INFO">Log level changed from NONE to INFO.</msg>
<status status="PASS" starttime="20220106 14:41:37.282" endtime="20220106 14:41:59.009"/>
</kw>
<status status="PASS" starttime="20220106 14:41:37.255" endtime="20220106 14:41:59.020"/>
</kw>
<kw name="Get credentials">
<kw name="Log To Console" library="BuiltIn">
<arg>Getting Secret from our Vault</arg>
<doc>Logs the given message to the console.</doc>
<status status="PASS" starttime="20220106 14:41:59.032" endtime="20220106 14:41:59.041"/>
</kw>
<kw name="Get Secret" library="RPA.Robocorp.Vault">
<var>${robotsparebin}</var>
<arg>robotsparebin</arg>
<doc>Read a secret from the configured source, e.g. Robocorp Vault,
and return it as a ``Secret`` object.</doc>
<msg timestamp="20220106 14:41:59.046" level="INFO">Protecting keyword: RPA.Robocorp.Vault.Get Secret</msg>
<msg timestamp="20220106 14:41:59.061" level="INFO">Log level changed from NONE to INFO.</msg>
<status status="PASS" starttime="20220106 14:41:59.044" endtime="20220106 14:41:59.056"/>
</kw>
<kw name="Open Available Browser" library="RPA.Browser.Selenium">
<arg>https://robotsparebinindustries.com/#/</arg>
<doc>Attempts to open a browser on the user's device from a set of
supported browsers. Automatically downloads a corresponding webdriver
if none is already installed.</doc>
<msg timestamp="20220106 14:41:59.073" level="INFO">Creating an instance of the Chrome WebDriver.</msg>
<msg timestamp="20220106 14:41:59.088" level="INFO">Created download root directory: C:\Users\yaraz\AppData\Local\robocorp\webdrivers</msg>
<msg timestamp="20220106 14:41:59.089" level="INFO">Created symlink directory: C:\Users\yaraz\AppData\Local\robocorp\webdrivers</msg>
<msg timestamp="20220106 14:41:59.092" level="INFO">Creating an instance of the Chrome WebDriver.</msg>
<msg timestamp="20220106 14:42:07.005" level="INFO">Created Chrome browser with arguments: --disable-dev-shm-usage --disable-web-security --allow-running-insecure-content --no-sandbox</msg>
<msg timestamp="20220106 14:42:07.006" level="INFO" html="true">&lt;p&gt;Attempted combinations:&lt;/p&gt;&lt;div class="doc"&gt;&lt;table&gt;&lt;tr&gt;&lt;th&gt;Browser&lt;/th&gt;&lt;th&gt;Download&lt;/th&gt;&lt;th&gt;Error&lt;/th&gt;&lt;/tr&gt;&lt;tr&gt;&lt;td&gt;Chrome&lt;/td&gt;&lt;td&gt;False&lt;/td&gt;&lt;td&gt;Message: 'chromedriver' executable needs to be in PATH. Please see https://sites.google.com/a/chromium.org/chromedriver/home
&lt;/td&gt;&lt;/tr&gt;&lt;tr&gt;&lt;td&gt;Chrome&lt;/td&gt;&lt;td&gt;True&lt;/td&gt;&lt;td&gt;&lt;/td&gt;&lt;/tr&gt;&lt;/table&gt;&lt;/div&gt;</msg>
<msg timestamp="20220106 14:42:07.008" level="INFO">Opening url 'https://robotsparebinindustries.com/#/'</msg>
<status status="PASS" starttime="20220106 14:41:59.066" endtime="20220106 14:42:11.136"/>
</kw>
<kw name="Input Text" library="RPA.Browser.Selenium">
<arg>id:username</arg>
<arg>${robotsparebin}[username]</arg>
<doc>Types the given ``text`` into the text field identified by ``locator``.</doc>
<msg timestamp="20220106 14:42:11.147" level="INFO">Typing text 'maria' into text field 'id:username'.</msg>
<status status="PASS" starttime="20220106 14:42:11.142" endtime="20220106 14:42:11.328"/>
</kw>
<kw name="Input Password" library="RPA.Browser.Selenium">
<arg>id:password</arg>
<arg>${robotsparebin}[password]</arg>
<doc>Types the given password into the text field identified by ``locator``.</doc>
<msg timestamp="20220106 14:42:11.343" level="INFO">Typing password into text field 'id:password'.</msg>
<msg timestamp="20220106 14:42:11.432" level="INFO">Temporally setting log level to: NONE</msg>
<msg timestamp="20220106 14:42:11.565" level="INFO">Log level changed from NONE to INFO.</msg>
<status status="PASS" starttime="20220106 14:42:11.332" endtime="20220106 14:42:11.566"/>
</kw>
<kw name="Sleep" library="BuiltIn">
<arg>3s</arg>
<doc>Pauses the test executed for the given time.</doc>
<msg timestamp="20220106 14:42:14.576" level="INFO">Slept 3 seconds</msg>
<status status="PASS" starttime="20220106 14:42:11.570" endtime="20220106 14:42:14.578"/>
</kw>
<kw name="Close Browser" library="RPA.Browser.Selenium">
<doc>Closes the current browser.</doc>
<status status="PASS" starttime="20220106 14:42:14.584" endtime="20220106 14:42:17.015"/>
</kw>
<status status="PASS" starttime="20220106 14:41:59.024" endtime="20220106 14:42:17.021"/>
</kw>
<status status="PASS" starttime="20220106 14:36:57.748" endtime="20220106 14:42:17.032"/>
</test>
<status status="PASS" starttime="20220106 14:36:44.532" endtime="20220106 14:42:17.052"/>
</suite>
<statistics>
<total>
<stat pass="1" fail="0" skip="0">All Tasks</stat>
</total>
<tag>
</tag>
<suite>
<stat pass="1" fail="0" skip="0" id="s1" name="Tasks">Tasks</stat>
</suite>
</statistics>
<errors>
</errors>
</robot>
